2023-10-12 07:48:00.168 [info] [Info  - 7:48:00 AM] (1018830) Pylance language server 2023.9.30 (pyright 7e72aa15) starting
2023-10-12 07:48:00.168 [info] [Info  - 7:48:00 AM] (1018830) Server root directory: /home/erp/.vscode/extensions/ms-python.vscode-pylance-2023.9.30/dist
2023-10-12 07:48:00.171 [info] [Info  - 7:48:00 AM] (1018830) Starting service instance "frappe-bench"
2023-10-12 07:48:00.213 [info] [Info  - 7:48:00 AM] (1018830) Setting pythonPath for service "frappe-bench": "/home/erp/frappe-bench/env/bin/python"
2023-10-12 07:48:00.213 [info] [Info  - 7:48:00 AM] (1018830) Setting pythonPath for service "frappe-bench": "/home/erp/frappe-bench/env/bin/python"
2023-10-12 07:48:00.216 [info] [Warn  - 7:48:00 AM] (1018830) stubPath /home/erp/frappe-bench/typings is not a valid directory.
2023-10-12 07:48:00.241 [info] [Info  - 7:48:00 AM] (1018830) Assuming Python version 3.10
2023-10-12 07:48:00.941 [info] [Info  - 7:48:00 AM] (1018830) Auto-excluding /home/erp/frappe-bench/env
2023-10-12 07:48:01.154 [info] [Info  - 7:48:01 AM] (1018830) Found 5775 source files
2023-10-12 07:48:33.924 [info] [Info  - 7:48:33 AM] (1018830) Found 5774 source files
2023-10-12 07:53:24.331 [info] [Info  - 7:53:24 AM] (1018830) Setting pythonPath for service "frappe-bench": "/home/erp/frappe-bench/env/bin/python"
2023-10-12 07:53:24.331 [info] [Info  - 7:53:24 AM] (1018830) Setting pythonPath for service "frappe-bench": "/home/erp/frappe-bench/env/bin/python"
2023-10-12 07:53:24.332 [info] [Warn  - 7:53:24 AM] (1018830) stubPath /home/erp/frappe-bench/typings is not a valid directory.
2023-10-12 07:53:24.366 [info] [Info  - 7:53:24 AM] (1018830) Assuming Python version 3.10
2023-10-12 07:53:24.890 [info] [Info  - 7:53:24 AM] (1018830) Auto-excluding /home/erp/frappe-bench/env
2023-10-12 07:53:25.027 [info] [Info  - 7:53:25 AM] (1018830) Found 5774 source files
2023-10-12 07:53:25.081 [info] [Info  - 7:53:25 AM] (1018830) Setting pythonPath for service "frappe-bench": "/home/erp/frappe-bench/env/bin/python"
2023-10-12 07:53:25.081 [info] [Info  - 7:53:25 AM] (1018830) Setting pythonPath for service "frappe-bench": "/home/erp/frappe-bench/env/bin/python"
2023-10-12 07:53:25.081 [info] [Warn  - 7:53:25 AM] (1018830) stubPath /home/erp/frappe-bench/typings is not a valid directory.
2023-10-12 07:53:25.113 [info] [Info  - 7:53:25 AM] (1018830) Assuming Python version 3.10
2023-10-12 07:53:25.788 [info] [Info  - 7:53:25 AM] (1018830) Auto-excluding /home/erp/frappe-bench/env
2023-10-12 07:53:25.925 [info] [Info  - 7:53:25 AM] (1018830) Found 5774 source files
2023-10-12 07:53:25.972 [info] [Info  - 7:53:25 AM] (1018830) Setting pythonPath for service "frappe-bench": "/home/erp/frappe-bench/env/bin/python"
2023-10-12 07:53:25.972 [info] [Info  - 7:53:25 AM] (1018830) Setting pythonPath for service "frappe-bench": "/home/erp/frappe-bench/env/bin/python"
2023-10-12 07:53:25.972 [info] [Warn  - 7:53:25 AM] (1018830) stubPath /home/erp/frappe-bench/typings is not a valid directory.
2023-10-12 07:53:26.001 [info] [Info  - 7:53:26 AM] (1018830) Assuming Python version 3.10
2023-10-12 07:53:26.634 [info] [Info  - 7:53:26 AM] (1018830) Auto-excluding /home/erp/frappe-bench/env
2023-10-12 07:53:26.740 [info] [Info  - 7:53:26 AM] (1018830) Found 5774 source files
2023-10-12 16:33:30.154 [info] [Info  - 4:33:30 PM] (1018830) Found 5775 source files
