2023-11-06 10:01:40.658 [info] Deleted uninstalled extension from disk ms-python.vscode-pylance /home/erp/.vscode/extensions/ms-python.vscode-pylance-2023.10.40
2023-11-06 10:01:44.772 [info] Getting Manifest... ms-python.python
2023-11-06 10:01:44.773 [info] Getting Manifest... ms-python.vscode-pylance
2023-11-06 10:01:46.444 [info] Installing extension: ms-python.python
2023-11-06 10:01:46.457 [info] Installing extension: ms-python.vscode-pylance
2023-11-06 10:01:48.370 [info] Getting Manifest... ms-python.python
2023-11-06 10:01:48.440 [info] Waiting for already requested installing extension ms-python.python ms-python.vscode-pylance
2023-11-06 10:01:51.909 [info] Extension signature is verified: ms-python.python
2023-11-06 10:01:55.414 [info] Extracted extension to file:///home/erp/.vscode/extensions/ms-python.python-2023.20.0: ms-python.python
2023-11-06 10:01:55.415 [info] Renamed to /home/erp/.vscode/extensions/ms-python.python-2023.20.0
2023-11-06 10:01:55.415 [info] Extracting extension completed. ms-python.python
2023-11-06 10:01:55.450 [info] Extension installed successfully: ms-python.python
2023-11-06 10:01:55.451 [info] Finished waiting for already requested installing extension ms-python.python ms-python.vscode-pylance
2023-11-06 10:01:55.459 [info] Marked extension as uninstalled ms-python.python-2023.18.0
2023-11-06 10:01:55.522 [error] [uncaught exception in sharedProcess]: Error: ENOENT: no such file or directory, stat '/home/erp/.vscode/extensions/extensions.json.vsctmp': EntryNotFound (FileSystemError): Error: ENOENT: no such file or directory, stat '/home/erp/.vscode/extensions/extensions.json.vsctmp'
    at r.create (/snap/code/144/usr/share/code/resources/app/out/vs/code/node/sharedProcess/sharedProcessMain.js:51:30053)
    at a (/snap/code/144/usr/share/code/resources/app/out/vs/code/node/sharedProcess/sharedProcessMain.js:51:30167)
    at s.fb (/snap/code/144/usr/share/code/resources/app/out/vs/code/node/sharedProcess/sharedProcessMain.js:56:36175)
    at s.stat (/snap/code/144/usr/share/code/resources/app/out/vs/code/node/sharedProcess/sharedProcessMain.js:56:28621)
    at async E.stat (/snap/code/144/usr/share/code/resources/app/out/vs/code/node/sharedProcess/sharedProcessMain.js:56:15732)
    at async X.tb (/snap/code/144/usr/share/code/resources/app/out/vs/code/node/sharedProcess/sharedProcessMain.js:109:9535)
2023-11-06 10:01:56.532 [info] Extension signature is verified: ms-python.vscode-pylance
2023-11-06 10:02:02.403 [info] Extracted extension to file:///home/erp/.vscode/extensions/ms-python.vscode-pylance-2023.11.10: ms-python.vscode-pylance
2023-11-06 10:02:02.423 [info] Renamed to /home/erp/.vscode/extensions/ms-python.vscode-pylance-2023.11.10
2023-11-06 10:02:02.426 [info] Extracting extension completed. ms-python.vscode-pylance
2023-11-06 10:02:02.436 [info] Extension installed successfully: ms-python.vscode-pylance
2023-11-06 10:02:02.440 [info] Marked extension as uninstalled ms-python.vscode-pylance-2023.10.50
2023-11-06 10:02:02.510 [error] [uncaught exception in sharedProcess]: Error: ENOENT: no such file or directory, stat '/home/erp/.vscode/extensions/extensions.json.vsctmp': EntryNotFound (FileSystemError): Error: ENOENT: no such file or directory, stat '/home/erp/.vscode/extensions/extensions.json.vsctmp'
    at r.create (/snap/code/144/usr/share/code/resources/app/out/vs/code/node/sharedProcess/sharedProcessMain.js:51:30053)
    at a (/snap/code/144/usr/share/code/resources/app/out/vs/code/node/sharedProcess/sharedProcessMain.js:51:30167)
    at s.fb (/snap/code/144/usr/share/code/resources/app/out/vs/code/node/sharedProcess/sharedProcessMain.js:56:36175)
    at s.stat (/snap/code/144/usr/share/code/resources/app/out/vs/code/node/sharedProcess/sharedProcessMain.js:56:28621)
    at async E.stat (/snap/code/144/usr/share/code/resources/app/out/vs/code/node/sharedProcess/sharedProcessMain.js:56:15732)
    at async X.tb (/snap/code/144/usr/share/code/resources/app/out/vs/code/node/sharedProcess/sharedProcessMain.js:109:9535)
