2023-10-13 09:56:56.080 [info] Deleted uninstalled extension from disk ms-python.python /home/erp/.vscode/extensions/ms-python.python-2023.16.0
2023-10-13 09:56:56.081 [info] Deleted uninstalled extension from disk ms-python.vscode-pylance /home/erp/.vscode/extensions/ms-python.vscode-pylance-2023.9.30
2023-10-19 09:57:15.859 [info] Getting Manifest... ms-python.vscode-pylance
2023-10-19 09:57:15.979 [info] Installing extension: ms-python.vscode-pylance
2023-10-19 09:57:16.972 [info] Getting Manifest... ms-python.python
2023-10-19 09:57:26.109 [info] Extension signature is verified: ms-python.vscode-pylance
2023-10-19 09:57:32.360 [info] Extracted extension to file:///home/erp/.vscode/extensions/ms-python.vscode-pylance-2023.10.30: ms-python.vscode-pylance
2023-10-19 09:57:32.379 [info] Renamed to /home/erp/.vscode/extensions/ms-python.vscode-pylance-2023.10.30
2023-10-19 09:57:32.382 [info] Extracting extension completed. ms-python.vscode-pylance
2023-10-19 09:57:32.392 [info] Extension installed successfully: ms-python.vscode-pylance
2023-10-19 09:57:32.396 [info] Marked extension as uninstalled ms-python.vscode-pylance-2023.10.20
2023-10-19 09:57:32.467 [error] [uncaught exception in sharedProcess]: Error: ENOENT: no such file or directory, stat '/home/erp/.vscode/extensions/extensions.json.vsctmp': EntryNotFound (FileSystemError): Error: ENOENT: no such file or directory, stat '/home/erp/.vscode/extensions/extensions.json.vsctmp'
    at s.create (/snap/code/143/usr/share/code/resources/app/out/vs/code/node/sharedProcess/sharedProcessMain.js:51:30209)
    at i (/snap/code/143/usr/share/code/resources/app/out/vs/code/node/sharedProcess/sharedProcessMain.js:51:30329)
    at t.fb (/snap/code/143/usr/share/code/resources/app/out/vs/code/node/sharedProcess/sharedProcessMain.js:56:35755)
    at t.stat (/snap/code/143/usr/share/code/resources/app/out/vs/code/node/sharedProcess/sharedProcessMain.js:56:28201)
    at async w.stat (/snap/code/143/usr/share/code/resources/app/out/vs/code/node/sharedProcess/sharedProcessMain.js:56:15579)
    at async Q.tb (/snap/code/143/usr/share/code/resources/app/out/vs/code/node/sharedProcess/sharedProcessMain.js:109:9514)
2023-10-21 09:57:20.746 [info] Getting Manifest... ms-python.vscode-pylance
2023-10-21 09:57:20.858 [info] Installing extension: ms-python.vscode-pylance
2023-10-21 09:57:21.829 [info] Getting Manifest... ms-python.python
2023-10-21 09:57:25.540 [info] Extension signature is verified: ms-python.vscode-pylance
2023-10-21 09:57:31.339 [info] Extracted extension to file:///home/erp/.vscode/extensions/ms-python.vscode-pylance-2023.10.40: ms-python.vscode-pylance
2023-10-21 09:57:31.357 [info] Renamed to /home/erp/.vscode/extensions/ms-python.vscode-pylance-2023.10.40
2023-10-21 09:57:31.360 [info] Extracting extension completed. ms-python.vscode-pylance
2023-10-21 09:57:31.369 [info] Extension installed successfully: ms-python.vscode-pylance
2023-10-21 09:57:31.372 [info] Marked extension as uninstalled ms-python.vscode-pylance-2023.10.30
2023-10-21 09:57:31.442 [error] [uncaught exception in sharedProcess]: Error: ENOENT: no such file or directory, stat '/home/erp/.vscode/extensions/extensions.json.vsctmp': EntryNotFound (FileSystemError): Error: ENOENT: no such file or directory, stat '/home/erp/.vscode/extensions/extensions.json.vsctmp'
    at s.create (/snap/code/143/usr/share/code/resources/app/out/vs/code/node/sharedProcess/sharedProcessMain.js:51:30209)
    at i (/snap/code/143/usr/share/code/resources/app/out/vs/code/node/sharedProcess/sharedProcessMain.js:51:30329)
    at t.fb (/snap/code/143/usr/share/code/resources/app/out/vs/code/node/sharedProcess/sharedProcessMain.js:56:35755)
    at t.stat (/snap/code/143/usr/share/code/resources/app/out/vs/code/node/sharedProcess/sharedProcessMain.js:56:28201)
    at async w.stat (/snap/code/143/usr/share/code/resources/app/out/vs/code/node/sharedProcess/sharedProcessMain.js:56:15579)
    at async Q.tb (/snap/code/143/usr/share/code/resources/app/out/vs/code/node/sharedProcess/sharedProcessMain.js:109:9514)
