0 verbose cli [
0 verbose cli   '/home/erp/.nvm/versions/node/v16.15.0/bin/node',
0 verbose cli   '/home/erp/.nvm/versions/node/v16.15.0/bin/npm',
0 verbose cli   'install',
0 verbose cli   '--ignore-scripts',
0 verbose cli   'types-registry@latest'
0 verbose cli ]
1 info using npm@8.5.5
2 info using node@v16.15.0
3 timing npm:load:whichnode Completed in 0ms
4 timing config:load:defaults Completed in 3ms
5 timing config:load:file:/home/erp/.nvm/versions/node/v16.15.0/lib/node_modules/npm/npmrc Completed in 1ms
6 timing config:load:builtin Completed in 1ms
7 timing config:load:cli Completed in 1ms
8 timing config:load:env Completed in 1ms
9 timing config:load:file:/home/erp/.cache/typescript/5.2/.npmrc Completed in 1ms
10 timing config:load:project Completed in 3ms
11 timing config:load:file:/home/erp/.npmrc Completed in 0ms
12 timing config:load:user Completed in 0ms
13 timing config:load:file:/home/erp/.nvm/versions/node/v16.15.0/etc/npmrc Completed in 0ms
14 timing config:load:global Completed in 0ms
15 timing config:load:validate Completed in 1ms
16 timing config:load:credentials Completed in 1ms
17 timing config:load:setEnvs Completed in 1ms
18 timing config:load Completed in 12ms
19 timing npm:load:configload Completed in 12ms
20 timing npm:load:setTitle Completed in 0ms
21 timing config:load:flatten Completed in 3ms
22 timing npm:load:display Completed in 3ms
23 verbose logfile /home/erp/.npm/_logs/2023-11-06T03_01_42_795Z-debug-0.log
24 timing npm:load:logFile Completed in 4ms
25 timing npm:load:timers Completed in 0ms
26 timing npm:load:configScope Completed in 0ms
27 timing npm:load Completed in 19ms
28 timing arborist:ctor Completed in 1ms
29 silly logfile start cleaning logs, removing 1 files
30 timing idealTree:init Completed in 13ms
31 timing arborist:ctor Completed in 0ms
32 http fetch GET 200 https://registry.npmjs.org/types-registry 3519ms (cache updated)
33 timing idealTree:userRequests Completed in 3525ms
34 silly idealTree buildDeps
35 silly fetch manifest types-registry@0.1.669
36 silly placeDep ROOT types-registry@0.1.669 REPLACE for:  want: 0.1.669
37 timing idealTree:#root Completed in 7ms
38 timing idealTree:node_modules/types-registry Completed in 0ms
39 timing idealTree:buildDeps Completed in 9ms
40 timing idealTree:fixDepFlags Completed in 0ms
41 timing idealTree Completed in 3547ms
42 timing reify:loadTrees Completed in 3548ms
43 timing reify:diffTrees Completed in 0ms
44 silly reify mark retired [ '/home/erp/.cache/typescript/5.2/node_modules/types-registry' ]
45 silly reify moves {
45 silly reify   '/home/erp/.cache/typescript/5.2/node_modules/types-registry': '/home/erp/.cache/typescript/5.2/node_modules/.types-registry-fbwjCHeD'
45 silly reify }
46 timing reify:retireShallow Completed in 6ms
47 timing reify:createSparse Completed in 1ms
48 timing reify:loadBundles Completed in 0ms
49 silly audit bulk request { 'types-registry': [ '0.1.669' ] }
50 silly tarball no local data for types-registry@https://registry.npmjs.org/types-registry/-/types-registry-0.1.669.tgz. Extracting by manifest.
51 http fetch GET 200 https://registry.npmjs.org/npm 3586ms (cache updated)
52 http fetch GET 200 https://registry.npmjs.org/types-registry/-/types-registry-0.1.669.tgz 94ms (cache miss)
53 timing reifyNode:node_modules/types-registry Completed in 108ms
54 timing reify:unpack Completed in 108ms
55 timing reify:unretire Completed in 1ms
56 timing build:queue Completed in 1ms
57 timing build:deps Completed in 1ms
58 timing build Completed in 1ms
59 timing reify:build Completed in 1ms
60 timing reify:trash Completed in 1ms
61 timing reify:save Completed in 3ms
62 http fetch POST 200 https://registry.npmjs.org/-/npm/v1/security/advisories/bulk 200ms
63 timing auditReport:getReport Completed in 200ms
64 silly audit report {}
65 timing auditReport:init Completed in 0ms
66 timing reify:audit Completed in 201ms
67 timing reify Completed in 3769ms
68 silly CHANGE node_modules/types-registry
69 timing command:install Completed in 3772ms
70 notice
70 notice New major version of npm available! 8.5.5 -> 10.2.3
70 notice Changelog: <https://github.com/npm/cli/releases/tag/v10.2.3>
70 notice Run `npm install -g npm@10.2.3` to update!
70 notice
71 verbose exit 0
72 timing npm Completed in 4101ms
73 info ok
