0 verbose cli [
0 verbose cli   '/home/erp/.nvm/versions/node/v16.15.0/bin/node',
0 verbose cli   '/home/erp/.nvm/versions/node/v16.15.0/bin/npm',
0 verbose cli   'install',
0 verbose cli   '-g',
0 verbose cli   'localtunnel'
0 verbose cli ]
1 info using npm@8.5.5
2 info using node@v16.15.0
3 timing npm:load:whichnode Completed in 1ms
4 timing config:load:defaults Completed in 2ms
5 timing config:load:file:/home/erp/.nvm/versions/node/v16.15.0/lib/node_modules/npm/npmrc Completed in 1ms
6 timing config:load:builtin Completed in 1ms
7 timing config:load:cli Completed in 1ms
8 timing config:load:env Completed in 0ms
9 timing config:load:project Completed in 2ms
10 timing config:load:file:/home/erp/.npmrc Completed in 0ms
11 timing config:load:user Completed in 0ms
12 timing config:load:file:/home/erp/.nvm/versions/node/v16.15.0/etc/npmrc Completed in 0ms
13 timing config:load:global Completed in 1ms
14 timing config:load:validate Completed in 0ms
15 timing config:load:credentials Completed in 0ms
16 timing config:load:setEnvs Completed in 1ms
17 timing config:load Completed in 8ms
18 timing npm:load:configload Completed in 8ms
19 timing npm:load:setTitle Completed in 0ms
20 timing config:load:flatten Completed in 2ms
21 timing npm:load:display Completed in 3ms
22 verbose logfile /home/erp/.npm/_logs/2023-08-31T07_00_54_970Z-debug-0.log
23 timing npm:load:logFile Completed in 4ms
24 timing npm:load:timers Completed in 0ms
25 timing npm:load:configScope Completed in 0ms
26 timing npm:load Completed in 16ms
27 timing arborist:ctor Completed in 0ms
28 timing idealTree:init Completed in 4ms
29 timing idealTree:userRequests Completed in 2ms
30 silly idealTree buildDeps
31 silly fetch manifest localtunnel@*
32 http fetch GET 200 https://registry.npmjs.org/localtunnel 1256ms (cache miss)
33 silly placeDep ROOT localtunnel@2.0.2 OK for:  want: *
34 silly fetch manifest axios@0.21.4
35 silly fetch manifest debug@4.3.2
36 silly fetch manifest openurl@1.1.1
37 silly fetch manifest yargs@17.1.1
38 http fetch GET 200 https://registry.npmjs.org/axios 138ms (cache miss)
39 http fetch GET 200 https://registry.npmjs.org/openurl 140ms (cache miss)
40 http fetch GET 200 https://registry.npmjs.org/yargs 205ms (cache miss)
41 http fetch GET 200 https://registry.npmjs.org/debug 240ms (cache miss)
42 timing idealTree:#root Completed in 1505ms
43 silly placeDep node_modules/localtunnel axios@0.21.4 OK for: localtunnel@2.0.2 want: 0.21.4
44 silly placeDep node_modules/localtunnel debug@4.3.2 OK for: localtunnel@2.0.2 want: 4.3.2
45 silly placeDep node_modules/localtunnel openurl@1.1.1 OK for: localtunnel@2.0.2 want: 1.1.1
46 silly placeDep node_modules/localtunnel yargs@17.1.1 OK for: localtunnel@2.0.2 want: 17.1.1
47 silly fetch manifest follow-redirects@^1.14.0
48 silly fetch manifest ms@2.1.2
49 silly fetch manifest cliui@^7.0.2
50 silly fetch manifest escalade@^3.1.1
51 silly fetch manifest get-caller-file@^2.0.5
52 silly fetch manifest require-directory@^2.1.1
53 silly fetch manifest string-width@^4.2.0
54 silly fetch manifest y18n@^5.0.5
55 silly fetch manifest yargs-parser@^20.2.2
56 http fetch GET 200 https://registry.npmjs.org/ms 54ms (cache miss)
57 http fetch GET 200 https://registry.npmjs.org/cliui 59ms (cache miss)
58 http fetch GET 200 https://registry.npmjs.org/escalade 77ms (cache miss)
59 http fetch GET 200 https://registry.npmjs.org/require-directory 99ms (cache miss)
60 http fetch GET 200 https://registry.npmjs.org/y18n 106ms (cache miss)
61 http fetch GET 200 https://registry.npmjs.org/follow-redirects 135ms (cache miss)
62 http fetch GET 200 https://registry.npmjs.org/yargs-parser 158ms (cache miss)
63 http fetch GET 200 https://registry.npmjs.org/get-caller-file 242ms (cache miss)
64 http fetch GET 200 https://registry.npmjs.org/string-width 243ms (cache miss)
65 timing idealTree:node_modules/localtunnel Completed in 250ms
66 silly placeDep node_modules/localtunnel follow-redirects@1.15.2 OK for: axios@0.21.4 want: ^1.14.0
67 timing idealTree:node_modules/localtunnel/node_modules/axios Completed in 2ms
68 silly placeDep node_modules/localtunnel ms@2.1.2 OK for: debug@4.3.2 want: 2.1.2
69 timing idealTree:node_modules/localtunnel/node_modules/debug Completed in 2ms
70 timing idealTree:node_modules/localtunnel/node_modules/follow-redirects Completed in 0ms
71 timing idealTree:node_modules/localtunnel/node_modules/ms Completed in 0ms
72 timing idealTree:node_modules/localtunnel/node_modules/openurl Completed in 0ms
73 silly placeDep node_modules/localtunnel cliui@7.0.4 OK for: yargs@17.1.1 want: ^7.0.2
74 silly placeDep node_modules/localtunnel escalade@3.1.1 OK for: yargs@17.1.1 want: ^3.1.1
75 silly placeDep node_modules/localtunnel get-caller-file@2.0.5 OK for: yargs@17.1.1 want: ^2.0.5
76 silly placeDep node_modules/localtunnel require-directory@2.1.1 OK for: yargs@17.1.1 want: ^2.1.1
77 silly placeDep node_modules/localtunnel string-width@4.2.3 OK for: yargs@17.1.1 want: ^4.2.0
78 silly placeDep node_modules/localtunnel y18n@5.0.8 OK for: yargs@17.1.1 want: ^5.0.5
79 silly placeDep node_modules/localtunnel yargs-parser@20.2.9 OK for: yargs@17.1.1 want: ^20.2.2
80 silly fetch manifest strip-ansi@^6.0.0
81 silly fetch manifest wrap-ansi@^7.0.0
82 silly fetch manifest emoji-regex@^8.0.0
83 silly fetch manifest is-fullwidth-code-point@^3.0.0
84 silly fetch manifest strip-ansi@^6.0.1
85 http fetch GET 200 https://registry.npmjs.org/emoji-regex 57ms (cache miss)
86 http fetch GET 200 https://registry.npmjs.org/is-fullwidth-code-point 79ms (cache miss)
87 http fetch GET 200 https://registry.npmjs.org/strip-ansi 82ms (cache miss)
88 http fetch GET 200 https://registry.npmjs.org/wrap-ansi 82ms (cache miss)
89 timing idealTree:node_modules/localtunnel/node_modules/yargs Completed in 91ms
90 silly placeDep node_modules/localtunnel strip-ansi@6.0.1 OK for: cliui@7.0.4 want: ^6.0.0
91 silly placeDep node_modules/localtunnel wrap-ansi@7.0.0 OK for: cliui@7.0.4 want: ^7.0.0
92 silly fetch manifest ansi-regex@^5.0.1
93 silly fetch manifest ansi-styles@^4.0.0
94 http fetch GET 200 https://registry.npmjs.org/ansi-regex 79ms (cache miss)
95 http fetch GET 200 https://registry.npmjs.org/ansi-styles 86ms (cache miss)
96 timing idealTree:node_modules/localtunnel/node_modules/cliui Completed in 90ms
97 timing idealTree:node_modules/localtunnel/node_modules/escalade Completed in 0ms
98 timing idealTree:node_modules/localtunnel/node_modules/get-caller-file Completed in 0ms
99 timing idealTree:node_modules/localtunnel/node_modules/require-directory Completed in 0ms
100 silly placeDep node_modules/localtunnel emoji-regex@8.0.0 OK for: string-width@4.2.3 want: ^8.0.0
101 silly placeDep node_modules/localtunnel is-fullwidth-code-point@3.0.0 OK for: string-width@4.2.3 want: ^3.0.0
102 timing idealTree:node_modules/localtunnel/node_modules/string-width Completed in 2ms
103 timing idealTree:node_modules/localtunnel/node_modules/emoji-regex Completed in 0ms
104 timing idealTree:node_modules/localtunnel/node_modules/is-fullwidth-code-point Completed in 0ms
105 silly placeDep node_modules/localtunnel ansi-regex@5.0.1 OK for: strip-ansi@6.0.1 want: ^5.0.1
106 timing idealTree:node_modules/localtunnel/node_modules/strip-ansi Completed in 0ms
107 timing idealTree:node_modules/localtunnel/node_modules/ansi-regex Completed in 0ms
108 silly placeDep node_modules/localtunnel ansi-styles@4.3.0 OK for: wrap-ansi@7.0.0 want: ^4.0.0
109 silly fetch manifest color-convert@^2.0.1
110 http fetch GET 200 https://registry.npmjs.org/color-convert 76ms (cache miss)
111 timing idealTree:node_modules/localtunnel/node_modules/wrap-ansi Completed in 77ms
112 silly placeDep node_modules/localtunnel color-convert@2.0.1 OK for: ansi-styles@4.3.0 want: ^2.0.1
113 silly fetch manifest color-name@~1.1.4
114 http fetch GET 200 https://registry.npmjs.org/color-name 72ms (cache miss)
115 timing idealTree:node_modules/localtunnel/node_modules/ansi-styles Completed in 75ms
116 silly placeDep node_modules/localtunnel color-name@1.1.4 OK for: color-convert@2.0.1 want: ~1.1.4
117 timing idealTree:node_modules/localtunnel/node_modules/color-convert Completed in 0ms
118 timing idealTree:node_modules/localtunnel/node_modules/color-name Completed in 0ms
119 timing idealTree:node_modules/localtunnel/node_modules/y18n Completed in 1ms
120 timing idealTree:node_modules/localtunnel/node_modules/yargs-parser Completed in 0ms
121 timing idealTree:buildDeps Completed in 2097ms
122 timing idealTree:fixDepFlags Completed in 0ms
123 timing idealTree Completed in 2104ms
124 timing reify:loadTrees Completed in 2105ms
125 timing reify:diffTrees Completed in 2ms
126 silly reify moves {}
127 timing reify:retireShallow Completed in 0ms
128 timing reify:createSparse Completed in 8ms
129 timing reify:loadBundles Completed in 0ms
130 silly audit bulk request {
130 silly audit   localtunnel: [ '2.0.2' ],
130 silly audit   axios: [ '0.21.4' ],
130 silly audit   debug: [ '4.3.2' ],
130 silly audit   openurl: [ '1.1.1' ],
130 silly audit   yargs: [ '17.1.1' ],
130 silly audit   'follow-redirects': [ '1.15.2' ],
130 silly audit   ms: [ '2.1.2' ],
130 silly audit   cliui: [ '7.0.4' ],
130 silly audit   escalade: [ '3.1.1' ],
130 silly audit   'get-caller-file': [ '2.0.5' ],
130 silly audit   'require-directory': [ '2.1.1' ],
130 silly audit   'string-width': [ '4.2.3' ],
130 silly audit   y18n: [ '5.0.8' ],
130 silly audit   'yargs-parser': [ '20.2.9' ],
130 silly audit   'strip-ansi': [ '6.0.1' ],
130 silly audit   'wrap-ansi': [ '7.0.0' ],
130 silly audit   'emoji-regex': [ '8.0.0' ],
130 silly audit   'is-fullwidth-code-point': [ '3.0.0' ],
130 silly audit   'ansi-regex': [ '5.0.1' ],
130 silly audit   'ansi-styles': [ '4.3.0' ],
130 silly audit   'color-convert': [ '2.0.1' ],
130 silly audit   'color-name': [ '1.1.4' ]
130 silly audit }
131 silly tarball no local data for localtunnel@https://registry.npmjs.org/localtunnel/-/localtunnel-2.0.2.tgz. Extracting by manifest.
132 silly tarball no local data for color-name@https://registry.npmjs.org/color-name/-/color-name-1.1.4.tgz. Extracting by manifest.
133 silly tarball no local data for color-convert@https://registry.npmjs.org/color-convert/-/color-convert-2.0.1.tgz. Extracting by manifest.
134 silly tarball no local data for ansi-regex@https://registry.npmjs.org/ansi-regex/-/ansi-regex-5.0.1.tgz. Extracting by manifest.
135 silly tarball no local data for is-fullwidth-code-point@https://registry.npmjs.org/is-fullwidth-code-point/-/is-fullwidth-code-point-3.0.0.tgz. Extracting by manifest.
136 silly tarball no local data for emoji-regex@https://registry.npmjs.org/emoji-regex/-/emoji-regex-8.0.0.tgz. Extracting by manifest.
137 silly tarball no local data for wrap-ansi@https://registry.npmjs.org/wrap-ansi/-/wrap-ansi-7.0.0.tgz. Extracting by manifest.
138 silly tarball no local data for strip-ansi@https://registry.npmjs.org/strip-ansi/-/strip-ansi-6.0.1.tgz. Extracting by manifest.
139 silly tarball no local data for yargs-parser@https://registry.npmjs.org/yargs-parser/-/yargs-parser-20.2.9.tgz. Extracting by manifest.
140 silly tarball no local data for y18n@https://registry.npmjs.org/y18n/-/y18n-5.0.8.tgz. Extracting by manifest.
141 silly tarball no local data for string-width@https://registry.npmjs.org/string-width/-/string-width-4.2.3.tgz. Extracting by manifest.
142 silly tarball no local data for require-directory@https://registry.npmjs.org/require-directory/-/require-directory-2.1.1.tgz. Extracting by manifest.
143 silly tarball no local data for get-caller-file@https://registry.npmjs.org/get-caller-file/-/get-caller-file-2.0.5.tgz. Extracting by manifest.
144 silly tarball no local data for escalade@https://registry.npmjs.org/escalade/-/escalade-3.1.1.tgz. Extracting by manifest.
145 silly tarball no local data for ms@https://registry.npmjs.org/ms/-/ms-2.1.2.tgz. Extracting by manifest.
146 silly tarball no local data for ansi-styles@https://registry.npmjs.org/ansi-styles/-/ansi-styles-4.3.0.tgz. Extracting by manifest.
147 silly tarball no local data for follow-redirects@https://registry.npmjs.org/follow-redirects/-/follow-redirects-1.15.2.tgz. Extracting by manifest.
148 silly tarball no local data for yargs@https://registry.npmjs.org/yargs/-/yargs-17.1.1.tgz. Extracting by manifest.
149 silly tarball no local data for openurl@https://registry.npmjs.org/openurl/-/openurl-1.1.1.tgz. Extracting by manifest.
150 silly tarball no local data for debug@https://registry.npmjs.org/debug/-/debug-4.3.2.tgz. Extracting by manifest.
151 silly tarball no local data for axios@https://registry.npmjs.org/axios/-/axios-0.21.4.tgz. Extracting by manifest.
152 silly tarball no local data for cliui@https://registry.npmjs.org/cliui/-/cliui-7.0.4.tgz. Extracting by manifest.
153 http fetch GET 200 https://registry.npmjs.org/is-fullwidth-code-point/-/is-fullwidth-code-point-3.0.0.tgz 116ms (cache miss)
154 timing reifyNode:node_modules/localtunnel/node_modules/is-fullwidth-code-point Completed in 141ms
155 http fetch GET 200 https://registry.npmjs.org/strip-ansi/-/strip-ansi-6.0.1.tgz 112ms (cache miss)
156 timing reifyNode:node_modules/localtunnel/node_modules/strip-ansi Completed in 144ms
157 http fetch GET 200 https://registry.npmjs.org/color-convert/-/color-convert-2.0.1.tgz 129ms (cache miss)
158 timing reifyNode:node_modules/localtunnel/node_modules/color-convert Completed in 148ms
159 http fetch GET 200 https://registry.npmjs.org/ansi-regex/-/ansi-regex-5.0.1.tgz 136ms (cache miss)
160 timing reifyNode:node_modules/localtunnel/node_modules/ansi-regex Completed in 156ms
161 http fetch GET 200 https://registry.npmjs.org/wrap-ansi/-/wrap-ansi-7.0.0.tgz 134ms (cache miss)
162 timing reifyNode:node_modules/localtunnel/node_modules/wrap-ansi Completed in 162ms
163 http fetch GET 200 https://registry.npmjs.org/color-name/-/color-name-1.1.4.tgz 157ms (cache miss)
164 timing reifyNode:node_modules/localtunnel/node_modules/color-name Completed in 172ms
165 http fetch GET 200 https://registry.npmjs.org/localtunnel/-/localtunnel-2.0.2.tgz 171ms (cache miss)
166 timing reifyNode:node_modules/localtunnel Completed in 185ms
167 http fetch GET 200 https://registry.npmjs.org/emoji-regex/-/emoji-regex-8.0.0.tgz 160ms (cache miss)
168 timing reifyNode:node_modules/localtunnel/node_modules/emoji-regex Completed in 187ms
169 http fetch GET 200 https://registry.npmjs.org/ms/-/ms-2.1.2.tgz 143ms (cache miss)
170 timing reifyNode:node_modules/localtunnel/node_modules/ms Completed in 194ms
171 http fetch GET 200 https://registry.npmjs.org/ansi-styles/-/ansi-styles-4.3.0.tgz 144ms (cache miss)
172 timing reifyNode:node_modules/localtunnel/node_modules/ansi-styles Completed in 197ms
173 http fetch GET 200 https://registry.npmjs.org/follow-redirects/-/follow-redirects-1.15.2.tgz 146ms (cache miss)
174 timing reifyNode:node_modules/localtunnel/node_modules/follow-redirects Completed in 206ms
175 http fetch GET 200 https://registry.npmjs.org/escalade/-/escalade-3.1.1.tgz 171ms (cache miss)
176 timing reifyNode:node_modules/localtunnel/node_modules/escalade Completed in 217ms
177 http fetch GET 200 https://registry.npmjs.org/openurl/-/openurl-1.1.1.tgz 171ms (cache miss)
178 timing reifyNode:node_modules/localtunnel/node_modules/openurl Completed in 235ms
179 http fetch GET 200 https://registry.npmjs.org/debug/-/debug-4.3.2.tgz 181ms (cache miss)
180 timing reifyNode:node_modules/localtunnel/node_modules/debug Completed in 247ms
181 http fetch GET 200 https://registry.npmjs.org/cliui/-/cliui-7.0.4.tgz 188ms (cache miss)
182 timing reifyNode:node_modules/localtunnel/node_modules/cliui Completed in 258ms
183 http fetch GET 200 https://registry.npmjs.org/yargs/-/yargs-17.1.1.tgz 202ms (cache miss)
184 timing reifyNode:node_modules/localtunnel/node_modules/yargs Completed in 264ms
185 http fetch GET 200 https://registry.npmjs.org/y18n/-/y18n-5.0.8.tgz 241ms (cache miss)
186 timing reifyNode:node_modules/localtunnel/node_modules/y18n Completed in 278ms
187 http fetch GET 200 https://registry.npmjs.org/string-width/-/string-width-4.2.3.tgz 256ms (cache miss)
188 timing reifyNode:node_modules/localtunnel/node_modules/string-width Completed in 295ms
189 http fetch GET 200 https://registry.npmjs.org/get-caller-file/-/get-caller-file-2.0.5.tgz 254ms (cache miss)
190 timing reifyNode:node_modules/localtunnel/node_modules/get-caller-file Completed in 297ms
191 http fetch GET 200 https://registry.npmjs.org/require-directory/-/require-directory-2.1.1.tgz 258ms (cache miss)
192 timing reifyNode:node_modules/localtunnel/node_modules/require-directory Completed in 299ms
193 http fetch GET 200 https://registry.npmjs.org/axios/-/axios-0.21.4.tgz 238ms (cache miss)
194 timing reifyNode:node_modules/localtunnel/node_modules/axios Completed in 305ms
195 http fetch GET 200 https://registry.npmjs.org/yargs-parser/-/yargs-parser-20.2.9.tgz 275ms (cache miss)
196 timing reifyNode:node_modules/localtunnel/node_modules/yargs-parser Completed in 309ms
197 timing reify:unpack Completed in 311ms
198 timing reify:unretire Completed in 0ms
199 timing build:queue Completed in 1ms
200 timing build:link:node_modules/localtunnel Completed in 1ms
201 timing build:link Completed in 2ms
202 timing build:deps Completed in 3ms
203 timing build Completed in 3ms
204 timing reify:build Completed in 3ms
205 timing reify:trash Completed in 0ms
206 http fetch POST 200 https://registry.npmjs.org/-/npm/v1/security/advisories/bulk 598ms
207 timing auditReport:getReport Completed in 600ms
208 silly audit report {}
209 timing auditReport:init Completed in 0ms
210 timing reify:audit Completed in 600ms
211 timing reify Completed in 2721ms
212 silly ADD node_modules/localtunnel
213 silly ADD node_modules/localtunnel/node_modules/color-name
214 silly ADD node_modules/localtunnel/node_modules/color-convert
215 silly ADD node_modules/localtunnel/node_modules/ansi-styles
216 silly ADD node_modules/localtunnel/node_modules/ansi-regex
217 silly ADD node_modules/localtunnel/node_modules/is-fullwidth-code-point
218 silly ADD node_modules/localtunnel/node_modules/emoji-regex
219 silly ADD node_modules/localtunnel/node_modules/wrap-ansi
220 silly ADD node_modules/localtunnel/node_modules/strip-ansi
221 silly ADD node_modules/localtunnel/node_modules/yargs-parser
222 silly ADD node_modules/localtunnel/node_modules/y18n
223 silly ADD node_modules/localtunnel/node_modules/string-width
224 silly ADD node_modules/localtunnel/node_modules/require-directory
225 silly ADD node_modules/localtunnel/node_modules/get-caller-file
226 silly ADD node_modules/localtunnel/node_modules/escalade
227 silly ADD node_modules/localtunnel/node_modules/cliui
228 silly ADD node_modules/localtunnel/node_modules/ms
229 silly ADD node_modules/localtunnel/node_modules/follow-redirects
230 silly ADD node_modules/localtunnel/node_modules/yargs
231 silly ADD node_modules/localtunnel/node_modules/openurl
232 silly ADD node_modules/localtunnel/node_modules/debug
233 silly ADD node_modules/localtunnel/node_modules/axios
234 timing command:install Completed in 2725ms
235 verbose exit 0
236 timing npm Completed in 2984ms
237 info ok
