0 verbose cli [
0 verbose cli   '/home/erp/.nvm/versions/node/v16.15.0/bin/node',
0 verbose cli   '/home/erp/.nvm/versions/node/v16.15.0/bin/npm',
0 verbose cli   'run',
0 verbose cli   'snyk-protect'
0 verbose cli ]
1 info using npm@8.5.5
2 info using node@v16.15.0
3 timing npm:load:whichnode Completed in 0ms
4 timing config:load:defaults Completed in 2ms
5 timing config:load:file:/home/erp/.nvm/versions/node/v16.15.0/lib/node_modules/npm/npmrc Completed in 1ms
6 timing config:load:builtin Completed in 1ms
7 timing config:load:cli Completed in 1ms
8 timing config:load:env Completed in 0ms
9 timing config:load:file:/home/erp/frappe-bench/apps/frappe/.npmrc Completed in 0ms
10 timing config:load:project Completed in 2ms
11 timing config:load:file:/home/erp/.npmrc Completed in 0ms
12 timing config:load:user Completed in 1ms
13 timing config:load:file:/home/erp/.nvm/versions/node/v16.15.0/etc/npmrc Completed in 0ms
14 timing config:load:global Completed in 0ms
15 timing config:load:validate Completed in 1ms
16 timing config:load:credentials Completed in 0ms
17 timing config:load:setEnvs Completed in 1ms
18 timing config:load Completed in 9ms
19 timing npm:load:configload Completed in 9ms
20 timing npm:load:setTitle Completed in 0ms
21 timing config:load:flatten Completed in 2ms
22 timing npm:load:display Completed in 3ms
23 verbose logfile /home/erp/.npm/_logs/2023-08-29T07_54_05_813Z-debug-0.log
24 timing npm:load:logFile Completed in 3ms
25 timing npm:load:timers Completed in 0ms
26 timing npm:load:configScope Completed in 0ms
27 timing npm:load Completed in 15ms
28 timing command:run Completed in 2176ms
29 verbose exit 0
30 timing npm Completed in 2266ms
31 info ok
