0 verbose cli [
0 verbose cli   '/home/erp/.nvm/versions/node/v16.15.0/bin/node',
0 verbose cli   '/home/erp/.nvm/versions/node/v16.15.0/bin/npm',
0 verbose cli   'install',
0 verbose cli   '--ignore-scripts',
0 verbose cli   'types-registry@latest'
0 verbose cli ]
1 info using npm@8.5.5
2 info using node@v16.15.0
3 timing npm:load:whichnode Completed in 0ms
4 timing config:load:defaults Completed in 2ms
5 timing config:load:file:/home/erp/.nvm/versions/node/v16.15.0/lib/node_modules/npm/npmrc Completed in 1ms
6 timing config:load:builtin Completed in 1ms
7 timing config:load:cli Completed in 1ms
8 timing config:load:env Completed in 0ms
9 timing config:load:file:/home/erp/.cache/typescript/5.2/.npmrc Completed in 2ms
10 timing config:load:project Completed in 5ms
11 timing config:load:file:/home/erp/.npmrc Completed in 0ms
12 timing config:load:user Completed in 1ms
13 timing config:load:file:/home/erp/.nvm/versions/node/v16.15.0/etc/npmrc Completed in 0ms
14 timing config:load:global Completed in 0ms
15 timing config:load:validate Completed in 0ms
16 timing config:load:credentials Completed in 1ms
17 timing config:load:setEnvs Completed in 1ms
18 timing config:load Completed in 13ms
19 timing npm:load:configload Completed in 13ms
20 timing npm:load:setTitle Completed in 0ms
21 timing config:load:flatten Completed in 2ms
22 timing npm:load:display Completed in 2ms
23 verbose logfile /home/erp/.npm/_logs/2023-09-15T04_52_21_903Z-debug-0.log
24 timing npm:load:logFile Completed in 4ms
25 timing npm:load:timers Completed in 0ms
26 timing npm:load:configScope Completed in 0ms
27 timing npm:load Completed in 20ms
28 timing arborist:ctor Completed in 0ms
29 timing arborist:ctor Completed in 0ms
30 timing idealTree:init Completed in 8ms
31 http fetch GET 200 https://registry.npmjs.org/types-registry 395ms (cache updated)
32 timing idealTree:userRequests Completed in 401ms
33 silly idealTree buildDeps
34 silly fetch manifest types-registry@0.1.660
35 silly placeDep ROOT types-registry@0.1.660 OK for:  want: 0.1.660
36 timing idealTree:#root Completed in 5ms
37 timing idealTree:node_modules/types-registry Completed in 0ms
38 timing idealTree:buildDeps Completed in 6ms
39 timing idealTree:fixDepFlags Completed in 0ms
40 timing idealTree Completed in 416ms
41 timing reify:loadTrees Completed in 416ms
42 timing reify:diffTrees Completed in 1ms
43 silly reify moves {}
44 timing reify:retireShallow Completed in 0ms
45 timing reify:createSparse Completed in 2ms
46 timing reify:loadBundles Completed in 0ms
47 silly audit bulk request { 'types-registry': [ '0.1.660' ] }
48 silly tarball no local data for types-registry@https://registry.npmjs.org/types-registry/-/types-registry-0.1.660.tgz. Extracting by manifest.
49 http fetch GET 200 https://registry.npmjs.org/npm 524ms (cache miss)
50 http fetch POST 200 https://registry.npmjs.org/-/npm/v1/security/advisories/bulk 203ms
51 timing auditReport:getReport Completed in 204ms
52 silly audit report {}
53 timing auditReport:init Completed in 0ms
54 timing reify:audit Completed in 204ms
55 http fetch GET 200 https://registry.npmjs.org/types-registry/-/types-registry-0.1.660.tgz 197ms (cache miss)
56 timing reifyNode:node_modules/types-registry Completed in 203ms
57 timing reify:unpack Completed in 203ms
58 timing reify:unretire Completed in 0ms
59 timing build:queue Completed in 1ms
60 timing build:deps Completed in 1ms
61 timing build Completed in 1ms
62 timing reify:build Completed in 1ms
63 timing reify:trash Completed in 0ms
64 timing reify:save Completed in 43ms
65 timing reify Completed in 703ms
66 silly ADD node_modules/types-registry
67 timing command:install Completed in 706ms
68 notice
68 notice New major version of npm available! 8.5.5 -> 10.1.0
68 notice Changelog: <https://github.com/npm/cli/releases/tag/v10.1.0>
68 notice Run `npm install -g npm@10.1.0` to update!
68 notice
69 verbose exit 0
70 timing npm Completed in 973ms
71 info ok
