0 verbose cli [
0 verbose cli   '/home/erp/.nvm/versions/node/v16.15.0/bin/node',
0 verbose cli   '/home/erp/.nvm/versions/node/v16.15.0/bin/npm',
0 verbose cli   'install',
0 verbose cli   '--ignore-scripts',
0 verbose cli   'types-registry@latest'
0 verbose cli ]
1 info using npm@8.5.5
2 info using node@v16.15.0
3 timing npm:load:whichnode Completed in 0ms
4 timing config:load:defaults Completed in 1ms
5 timing config:load:file:/home/erp/.nvm/versions/node/v16.15.0/lib/node_modules/npm/npmrc Completed in 1ms
6 timing config:load:builtin Completed in 1ms
7 timing config:load:cli Completed in 1ms
8 timing config:load:env Completed in 0ms
9 timing config:load:file:/home/erp/.cache/typescript/5.1/.npmrc Completed in 0ms
10 timing config:load:project Completed in 2ms
11 timing config:load:file:/home/erp/.npmrc Completed in 0ms
12 timing config:load:user Completed in 0ms
13 timing config:load:file:/home/erp/.nvm/versions/node/v16.15.0/etc/npmrc Completed in 1ms
14 timing config:load:global Completed in 1ms
15 timing config:load:validate Completed in 0ms
16 timing config:load:credentials Completed in 0ms
17 timing config:load:setEnvs Completed in 1ms
18 timing config:load Completed in 8ms
19 timing npm:load:configload Completed in 9ms
20 timing npm:load:setTitle Completed in 0ms
21 timing config:load:flatten Completed in 2ms
22 timing npm:load:display Completed in 3ms
23 verbose logfile /home/erp/.npm/_logs/2023-09-06T06_34_43_394Z-debug-0.log
24 timing npm:load:logFile Completed in 3ms
25 timing npm:load:timers Completed in 0ms
26 timing npm:load:configScope Completed in 0ms
27 timing npm:load Completed in 15ms
28 timing arborist:ctor Completed in 1ms
29 timing arborist:ctor Completed in 0ms
30 timing idealTree:init Completed in 8ms
31 http fetch GET 200 https://registry.npmjs.org/types-registry 515ms (cache miss)
32 timing idealTree:userRequests Completed in 521ms
33 silly idealTree buildDeps
34 silly fetch manifest types-registry@0.1.659
35 silly placeDep ROOT types-registry@0.1.659 OK for:  want: 0.1.659
36 timing idealTree:#root Completed in 5ms
37 timing idealTree:node_modules/types-registry Completed in 0ms
38 timing idealTree:buildDeps Completed in 5ms
39 timing idealTree:fixDepFlags Completed in 0ms
40 timing idealTree Completed in 536ms
41 timing reify:loadTrees Completed in 536ms
42 timing reify:diffTrees Completed in 1ms
43 silly reify moves {}
44 timing reify:retireShallow Completed in 1ms
45 timing reify:createSparse Completed in 1ms
46 timing reify:loadBundles Completed in 0ms
47 silly audit bulk request { 'types-registry': [ '0.1.659' ] }
48 silly tarball no local data for types-registry@https://registry.npmjs.org/types-registry/-/types-registry-0.1.659.tgz. Extracting by manifest.
49 http fetch POST 200 https://registry.npmjs.org/-/npm/v1/security/advisories/bulk 265ms
50 timing auditReport:getReport Completed in 265ms
51 silly audit report {}
52 timing auditReport:init Completed in 0ms
53 timing reify:audit Completed in 266ms
54 http fetch GET 200 https://registry.npmjs.org/types-registry/-/types-registry-0.1.659.tgz 370ms (cache miss)
55 timing reifyNode:node_modules/types-registry Completed in 375ms
56 timing reify:unpack Completed in 375ms
57 timing reify:unretire Completed in 0ms
58 timing build:queue Completed in 1ms
59 timing build:deps Completed in 1ms
60 timing build Completed in 1ms
61 timing reify:build Completed in 1ms
62 timing reify:trash Completed in 0ms
63 timing reify:save Completed in 3ms
64 timing reify Completed in 925ms
65 silly ADD node_modules/types-registry
66 timing command:install Completed in 929ms
67 verbose exit 0
68 timing npm Completed in 1214ms
69 info ok
