0 verbose cli [
0 verbose cli   '/home/erp/.nvm/versions/node/v16.15.0/bin/node',
0 verbose cli   '/home/erp/.nvm/versions/node/v16.15.0/bin/npm',
0 verbose cli   'install',
0 verbose cli   '--ignore-scripts',
0 verbose cli   'types-registry@latest'
0 verbose cli ]
1 info using npm@8.5.5
2 info using node@v16.15.0
3 timing npm:load:whichnode Completed in 0ms
4 timing config:load:defaults Completed in 2ms
5 timing config:load:file:/home/erp/.nvm/versions/node/v16.15.0/lib/node_modules/npm/npmrc Completed in 1ms
6 timing config:load:builtin Completed in 1ms
7 timing config:load:cli Completed in 1ms
8 timing config:load:env Completed in 1ms
9 timing config:load:file:/home/erp/.cache/typescript/5.2/.npmrc Completed in 0ms
10 timing config:load:project Completed in 3ms
11 timing config:load:file:/home/erp/.npmrc Completed in 0ms
12 timing config:load:user Completed in 0ms
13 timing config:load:file:/home/erp/.nvm/versions/node/v16.15.0/etc/npmrc Completed in 2ms
14 timing config:load:global Completed in 2ms
15 timing config:load:validate Completed in 0ms
16 timing config:load:credentials Completed in 1ms
17 timing config:load:setEnvs Completed in 0ms
18 timing config:load Completed in 11ms
19 timing npm:load:configload Completed in 11ms
20 timing npm:load:setTitle Completed in 1ms
21 timing config:load:flatten Completed in 2ms
22 timing npm:load:display Completed in 2ms
23 verbose logfile /home/erp/.npm/_logs/2023-10-12T00_53_31_576Z-debug-0.log
24 timing npm:load:logFile Completed in 3ms
25 timing npm:load:timers Completed in 0ms
26 timing npm:load:configScope Completed in 0ms
27 timing npm:load Completed in 17ms
28 timing arborist:ctor Completed in 1ms
29 timing idealTree:init Completed in 10ms
30 timing arborist:ctor Completed in 0ms
31 http fetch GET 200 https://registry.npmjs.org/types-registry 290ms (cache updated)
32 timing idealTree:userRequests Completed in 295ms
33 silly idealTree buildDeps
34 silly fetch manifest types-registry@0.1.664
35 silly placeDep ROOT types-registry@0.1.664 REPLACE for:  want: 0.1.664
36 timing idealTree:#root Completed in 5ms
37 timing idealTree:node_modules/types-registry Completed in 0ms
38 timing idealTree:buildDeps Completed in 6ms
39 timing idealTree:fixDepFlags Completed in 0ms
40 timing idealTree Completed in 312ms
41 timing reify:loadTrees Completed in 312ms
42 timing reify:diffTrees Completed in 1ms
43 silly reify mark retired [ '/home/erp/.cache/typescript/5.2/node_modules/types-registry' ]
44 silly reify moves {
44 silly reify   '/home/erp/.cache/typescript/5.2/node_modules/types-registry': '/home/erp/.cache/typescript/5.2/node_modules/.types-registry-fbwjCHeD'
44 silly reify }
45 timing reify:retireShallow Completed in 2ms
46 timing reify:createSparse Completed in 0ms
47 timing reify:loadBundles Completed in 0ms
48 silly audit bulk request { 'types-registry': [ '0.1.664' ] }
49 silly tarball no local data for types-registry@https://registry.npmjs.org/types-registry/-/types-registry-0.1.664.tgz. Extracting by manifest.
50 http fetch POST 200 https://registry.npmjs.org/-/npm/v1/security/advisories/bulk 208ms
51 timing auditReport:getReport Completed in 209ms
52 silly audit report {}
53 timing auditReport:init Completed in 0ms
54 timing reify:audit Completed in 209ms
55 http fetch GET 200 https://registry.npmjs.org/npm 568ms (cache updated)
56 http fetch GET 200 https://registry.npmjs.org/types-registry/-/types-registry-0.1.664.tgz 376ms (cache miss)
57 timing reifyNode:node_modules/types-registry Completed in 382ms
58 timing reify:unpack Completed in 382ms
59 timing reify:unretire Completed in 0ms
60 timing build:queue Completed in 1ms
61 timing build:deps Completed in 1ms
62 timing build Completed in 1ms
63 timing reify:build Completed in 1ms
64 timing reify:trash Completed in 1ms
65 timing reify:save Completed in 4ms
66 timing reify Completed in 717ms
67 silly CHANGE node_modules/types-registry
68 timing command:install Completed in 720ms
69 notice
69 notice New major version of npm available! 8.5.5 -> 10.2.0
69 notice Changelog: <https://github.com/npm/cli/releases/tag/v10.2.0>
69 notice Run `npm install -g npm@10.2.0` to update!
69 notice
70 verbose exit 0
71 timing npm Completed in 1027ms
72 info ok
