2023-10-13 09:56:57.423 [info] Log level: Info
2023-10-13 09:56:57.423 [info] Validating found git in: "git"
2023-10-13 09:56:57.423 [info] Using git "2.34.1" from "git"
2023-10-13 09:56:57.423 [info] > git rev-parse --show-toplevel [5ms]
2023-10-13 09:56:57.423 [info] fatal: not a git repository (or any of the parent directories): .git
2023-10-13 09:56:57.423 [info] > git rev-parse --show-toplevel [3ms]
2023-10-13 09:56:57.438 [info] > git rev-parse --git-dir --git-common-dir [9ms]
2023-10-13 09:56:57.443 [info] Open repository: /home/erp/frappe-bench/apps/frappe
2023-10-13 09:56:57.467 [info] > git rev-parse --show-toplevel [11ms]
2023-10-13 09:56:57.467 [info] fatal: not a git repository (or any of the parent directories): .git
2023-10-13 09:56:57.468 [info] > git config --get commit.template [18ms]
2023-10-13 09:56:57.483 [info] > git rev-parse --show-toplevel [8ms]
2023-10-13 09:56:57.483 [info] fatal: not a git repository (or any of the parent directories): .git
2023-10-13 09:56:57.491 [info] > git rev-parse --show-toplevel [1ms]
2023-10-13 09:56:57.491 [info] fatal: not a git repository (or any of the parent directories): .git
2023-10-13 09:56:57.498 [info] > git rev-parse --show-toplevel [1ms]
2023-10-13 09:56:57.498 [info] fatal: not a git repository (or any of the parent directories): .git
2023-10-13 09:56:57.503 [info] > git rev-parse --show-toplevel [1ms]
2023-10-13 09:56:57.503 [info] fatal: not a git repository (or any of the parent directories): .git
2023-10-13 09:56:57.509 [info] > git rev-parse --show-toplevel [1ms]
2023-10-13 09:56:57.509 [info] fatal: not a git repository (or any of the parent directories): .git
2023-10-13 09:56:57.755 [info] > git show --textconv :model/naming.py [6ms]
2023-10-13 09:56:57.756 [info] > git for-each-ref --format=%(refname)%00%(upstream:short)%00%(objectname)%00%(upstream:track)%00%(upstream:remotename)%00%(upstream:remoteref) refs/heads/version-14 refs/remotes/version-14 [274ms]
2023-10-13 09:56:57.762 [info] > git ls-files --stage -- /home/erp/frappe-bench/apps/frappe/model/naming.py [7ms]
2023-10-13 09:56:57.773 [info] > git status -z -uall [12ms]
2023-10-13 09:56:57.787 [info] > git config --get commit.template [4ms]
2023-10-13 09:56:58.105 [info] > git for-each-ref --format=%(refname)%00%(upstream:short)%00%(objectname)%00%(upstream:track)%00%(upstream:remotename)%00%(upstream:remoteref) refs/heads/version-14 refs/remotes/version-14 [294ms]
2023-10-13 09:56:58.124 [info] > git status -z -uall [11ms]
2023-10-13 09:56:58.801 [info] > git check-ignore -v -z --stdin [7ms]
2023-10-13 09:56:59.743 [info] > git check-ignore -v -z --stdin [7ms]
2023-10-13 09:57:06.471 [info] > git check-ignore -v -z --stdin [2ms]
2023-10-13 09:57:08.131 [info] > git rev-parse --show-toplevel [1ms]
2023-10-13 09:57:08.131 [info] fatal: not a git repository (or any of the parent directories): .git
2023-10-13 11:11:41.542 [info] > git check-ignore -v -z --stdin [2ms]
2023-10-13 11:11:51.421 [info] > git check-ignore -v -z --stdin [2ms]
2023-10-13 11:11:54.364 [info] > git show --textconv :frappe/model/document.py [6ms]
2023-10-13 11:11:54.366 [info] > git ls-files --stage -- /home/erp/frappe-bench/apps/frappe/frappe/model/document.py [2ms]
2023-10-13 11:11:54.372 [info] > git cat-file -s a1db9bef8a4390eff3b698a8f9a1c33bc2973022 [2ms]
2023-10-13 11:12:06.279 [info] > git show --textconv :frappe/model/dynamic_links.py [4ms]
2023-10-13 11:12:06.279 [info] > git ls-files --stage -- /home/erp/frappe-bench/apps/frappe/frappe/model/dynamic_links.py [1ms]
2023-10-13 11:12:06.285 [info] > git cat-file -s 523d5873898107ff3445cfb8575e5ca97fdec228 [2ms]
2023-10-13 11:12:06.933 [info] > git show --textconv :frappe/model/document.py [5ms]
2023-10-13 11:12:06.934 [info] > git ls-files --stage -- /home/erp/frappe-bench/apps/frappe/frappe/model/document.py [2ms]
2023-10-13 11:12:06.940 [info] > git cat-file -s a1db9bef8a4390eff3b698a8f9a1c33bc2973022 [1ms]
2023-10-13 11:13:50.795 [info] > git rev-parse --show-toplevel [2ms]
2023-10-13 11:13:50.801 [info] > git rev-parse --git-dir --git-common-dir [1ms]
2023-10-13 11:13:50.805 [info] Open repository: /home/erp/frappe-bench/apps/hrms
2023-10-13 11:13:50.812 [info] > git config --get commit.template [2ms]
2023-10-13 11:13:50.865 [info] > git for-each-ref --format=%(refname)%00%(upstream:short)%00%(objectname)%00%(upstream:track)%00%(upstream:remotename)%00%(upstream:remoteref) refs/heads/version-14 refs/remotes/version-14 [47ms]
2023-10-13 11:13:50.919 [info] > git status -z -uall [47ms]
2023-10-13 11:13:50.930 [info] > git config --get commit.template [2ms]
2023-10-13 11:13:50.945 [info] > git for-each-ref --format=%(refname)%00%(upstream:short)%00%(objectname)%00%(upstream:track)%00%(upstream:remotename)%00%(upstream:remoteref) refs/heads/version-14 refs/remotes/version-14 [8ms]
2023-10-13 11:13:50.972 [info] > git status -z -uall [21ms]
2023-10-13 11:13:51.157 [info] > git show --textconv :hrms/hr/doctype/attendance/attendance_list.js [8ms]
2023-10-13 11:13:51.159 [info] > git ls-files --stage -- /home/erp/frappe-bench/apps/hrms/hrms/hr/doctype/attendance/attendance_list.js [3ms]
2023-10-13 11:13:51.168 [info] > git cat-file -s 97132e8204654523e30a295eb3970bcb909f76c2 [1ms]
2023-10-13 11:13:51.431 [info] > git check-ignore -v -z --stdin [6ms]
2023-10-13 11:13:51.432 [info] > git check-ignore -v -z --stdin [3ms]
2023-10-13 11:13:51.570 [info] > git show --textconv :hrms/hr/doctype/attendance/attendance.js [5ms]
2023-10-13 11:13:51.571 [info] > git ls-files --stage -- /home/erp/frappe-bench/apps/hrms/hrms/hr/doctype/attendance/attendance.js [1ms]
2023-10-13 11:13:51.578 [info] > git cat-file -s 057789c9039a055ee898c566bbd34b83b1151907 [2ms]
2023-10-13 11:13:52.646 [info] > git show --textconv :hrms/hr/doctype/attendance/attendance_list.js [5ms]
2023-10-13 11:13:52.647 [info] > git ls-files --stage -- /home/erp/frappe-bench/apps/hrms/hrms/hr/doctype/attendance/attendance_list.js [1ms]
2023-10-13 11:13:52.654 [info] > git cat-file -s 97132e8204654523e30a295eb3970bcb909f76c2 [2ms]
2023-10-13 11:13:53.476 [info] > git show --textconv :hrms/hr/doctype/attendance/attendance.py [5ms]
2023-10-13 11:13:53.477 [info] > git ls-files --stage -- /home/erp/frappe-bench/apps/hrms/hrms/hr/doctype/attendance/attendance.py [1ms]
2023-10-13 11:13:53.482 [info] > git cat-file -s 072b4a7d049b6c14f9c860e27e8424706eb4418f [1ms]
2023-10-13 11:14:07.383 [info] > git config --get commit.template [5ms]
2023-10-13 11:14:07.384 [info] > git for-each-ref --format=%(refname)%00%(upstream:short)%00%(objectname)%00%(upstream:track)%00%(upstream:remotename)%00%(upstream:remoteref) refs/heads/version-14 refs/remotes/version-14 [1ms]
2023-10-13 11:14:07.410 [info] > git status -z -uall [20ms]
2023-10-13 11:14:30.927 [info] > git config --get commit.template [12ms]
2023-10-13 11:14:30.928 [info] > git for-each-ref --format=%(refname)%00%(upstream:short)%00%(objectname)%00%(upstream:track)%00%(upstream:remotename)%00%(upstream:remoteref) refs/heads/version-14 refs/remotes/version-14 [2ms]
2023-10-13 11:14:30.964 [info] > git status -z -uall [26ms]
2023-10-13 11:15:22.902 [info] > git config --get commit.template [6ms]
2023-10-13 11:15:22.902 [info] > git for-each-ref --format=%(refname)%00%(upstream:short)%00%(objectname)%00%(upstream:track)%00%(upstream:remotename)%00%(upstream:remoteref) refs/heads/version-14 refs/remotes/version-14 [1ms]
2023-10-13 11:15:22.926 [info] > git status -z -uall [19ms]
2023-10-13 11:15:39.055 [info] > git check-ignore -v -z --stdin [2ms]
2023-10-13 11:15:40.176 [info] > git config --get commit.template [6ms]
2023-10-13 11:15:40.177 [info] > git for-each-ref --format=%(refname)%00%(upstream:short)%00%(objectname)%00%(upstream:track)%00%(upstream:remotename)%00%(upstream:remoteref) refs/heads/version-14 refs/remotes/version-14 [2ms]
2023-10-13 11:15:40.207 [info] > git status -z -uall [25ms]
2023-10-13 11:15:41.537 [info] > git check-ignore -v -z --stdin [3ms]
2023-10-13 11:15:43.183 [info] > git check-ignore -v -z --stdin [2ms]
2023-10-13 11:15:44.155 [info] > git check-ignore -v -z --stdin [5ms]
2023-10-13 11:15:44.589 [info] > git show --textconv :hrms/hr/report/monthly_attendance_sheet/monthly_attendance_sheet.json [5ms]
2023-10-13 11:15:44.590 [info] > git ls-files --stage -- /home/erp/frappe-bench/apps/hrms/hrms/hr/report/monthly_attendance_sheet/monthly_attendance_sheet.json [1ms]
2023-10-13 11:15:44.595 [info] > git cat-file -s 4daab813fe63c3777eb7912e8d95677e183c992b [1ms]
2023-10-13 11:16:02.950 [info] > git config --get commit.template [4ms]
2023-10-13 11:16:02.951 [info] > git for-each-ref --format=%(refname)%00%(upstream:short)%00%(objectname)%00%(upstream:track)%00%(upstream:remotename)%00%(upstream:remoteref) refs/heads/version-14 refs/remotes/version-14 [1ms]
2023-10-13 11:16:02.975 [info] > git status -z -uall [20ms]
2023-10-13 11:17:56.516 [info] > git show --textconv :hrms/hr/doctype/attendance/attendance.py [7ms]
2023-10-13 11:17:56.518 [info] > git ls-files --stage -- /home/erp/frappe-bench/apps/hrms/hrms/hr/doctype/attendance/attendance.py [1ms]
2023-10-13 11:17:56.524 [info] > git cat-file -s 072b4a7d049b6c14f9c860e27e8424706eb4418f [1ms]
2023-10-13 11:18:05.912 [info] > git check-ignore -v -z --stdin [2ms]
2023-10-13 11:18:10.117 [info] > git show --textconv :hrms/hr/report/monthly_attendance_sheet/monthly_attendance_sheet.json [6ms]
2023-10-13 11:18:10.118 [info] > git ls-files --stage -- /home/erp/frappe-bench/apps/hrms/hrms/hr/report/monthly_attendance_sheet/monthly_attendance_sheet.json [2ms]
2023-10-13 11:18:10.124 [info] > git cat-file -s 4daab813fe63c3777eb7912e8d95677e183c992b [2ms]
2023-10-13 11:19:19.805 [info] > git check-ignore -v -z --stdin [2ms]
2023-10-13 11:19:20.709 [info] > git check-ignore -v -z --stdin [2ms]
2023-10-13 11:19:21.717 [info] > git check-ignore -v -z --stdin [8ms]
2023-10-13 11:19:23.026 [info] > git check-ignore -v -z --stdin [2ms]
2023-10-13 11:19:23.729 [info] > git show --textconv :hrms/payroll/doctype/salary_structure/salary_structure.json [4ms]
2023-10-13 11:19:23.731 [info] > git ls-files --stage -- /home/erp/frappe-bench/apps/hrms/hrms/payroll/doctype/salary_structure/salary_structure.json [2ms]
2023-10-13 11:19:23.736 [info] > git cat-file -s 988d47b4cdfd2fa6b35d5af4a2e045a464ec77bc [1ms]
2023-10-13 11:19:24.352 [info] > git show --textconv :hrms/payroll/doctype/salary_structure/salary_structure.js [5ms]
2023-10-13 11:19:24.353 [info] > git ls-files --stage -- /home/erp/frappe-bench/apps/hrms/hrms/payroll/doctype/salary_structure/salary_structure.js [1ms]
2023-10-13 11:19:24.359 [info] > git cat-file -s c2ec3808b1bd0e9f75904e74b1bd9c115e9eb5c1 [2ms]
2023-10-13 11:20:30.627 [info] > git check-ignore -v -z --stdin [1ms]
2023-10-13 11:20:39.150 [info] > git show --textconv :hrms/hr/doctype/attendance/attendance.py [5ms]
2023-10-13 11:20:39.151 [info] > git ls-files --stage -- /home/erp/frappe-bench/apps/hrms/hrms/hr/doctype/attendance/attendance.py [1ms]
2023-10-13 11:20:39.157 [info] > git cat-file -s 072b4a7d049b6c14f9c860e27e8424706eb4418f [1ms]
2023-10-13 14:23:02.772 [info] > git config --get commit.template [17ms]
2023-10-13 14:23:02.993 [info] > git for-each-ref --format=%(refname)%00%(upstream:short)%00%(objectname)%00%(upstream:track)%00%(upstream:remotename)%00%(upstream:remoteref) refs/heads/version-14 refs/remotes/version-14 [223ms]
2023-10-13 14:23:03.006 [info] > git status -z -uall [8ms]
2023-10-13 14:41:28.455 [info] > git check-ignore -v -z --stdin [2ms]
2023-10-13 14:41:32.275 [info] > git check-ignore -v -z --stdin [1ms]
2023-10-13 14:41:39.736 [info] > git show --textconv :hrms/payroll/doctype/salary_structure/salary_structure.json [8ms]
2023-10-13 14:41:39.737 [info] > git ls-files --stage -- /home/erp/frappe-bench/apps/hrms/hrms/payroll/doctype/salary_structure/salary_structure.json [2ms]
2023-10-13 14:41:39.744 [info] > git cat-file -s 988d47b4cdfd2fa6b35d5af4a2e045a464ec77bc [1ms]
2023-10-13 14:41:40.145 [info] > git show --textconv :hrms/payroll/doctype/salary_structure/salary_structure.js [6ms]
2023-10-13 14:41:40.146 [info] > git ls-files --stage -- /home/erp/frappe-bench/apps/hrms/hrms/payroll/doctype/salary_structure/salary_structure.js [2ms]
2023-10-13 14:41:40.151 [info] > git cat-file -s c2ec3808b1bd0e9f75904e74b1bd9c115e9eb5c1 [1ms]
2023-10-13 14:42:36.379 [info] > git show --textconv :hrms/hr/doctype/attendance/attendance.py [7ms]
2023-10-13 14:42:36.380 [info] > git ls-files --stage -- /home/erp/frappe-bench/apps/hrms/hrms/hr/doctype/attendance/attendance.py [2ms]
2023-10-13 14:42:36.388 [info] > git cat-file -s 072b4a7d049b6c14f9c860e27e8424706eb4418f [1ms]
2023-10-13 14:42:37.221 [info] > git config --get commit.template [5ms]
2023-10-13 14:42:37.222 [info] > git for-each-ref --format=%(refname)%00%(upstream:short)%00%(objectname)%00%(upstream:track)%00%(upstream:remotename)%00%(upstream:remoteref) refs/heads/version-14 refs/remotes/version-14 [1ms]
2023-10-13 14:42:37.247 [info] > git status -z -uall [21ms]
2023-10-13 14:43:00.271 [info] > git rev-parse --show-toplevel [2ms]
2023-10-13 14:43:00.279 [info] > git rev-parse --git-dir --git-common-dir [2ms]
2023-10-13 14:43:00.284 [info] Open repository: /home/erp/frappe-bench/apps/education
2023-10-13 14:43:00.291 [info] > git config --get commit.template [1ms]
2023-10-13 14:43:00.299 [info] > git for-each-ref --format=%(refname)%00%(upstream:short)%00%(objectname)%00%(upstream:track)%00%(upstream:remotename)%00%(upstream:remoteref) refs/heads/develop refs/remotes/develop [2ms]
2023-10-13 14:43:00.307 [info] > git status -z -uall [3ms]
2023-10-13 14:43:00.317 [info] > git config --get commit.template [2ms]
2023-10-13 14:43:00.328 [info] > git for-each-ref --format=%(refname)%00%(upstream:short)%00%(objectname)%00%(upstream:track)%00%(upstream:remotename)%00%(upstream:remoteref) refs/heads/develop refs/remotes/develop [2ms]
2023-10-13 14:43:00.339 [info] > git status -z -uall [4ms]
2023-10-13 14:43:00.596 [info] > git show --textconv :education/education/report/tiết_dạy/tiết_dạy.py [5ms]
2023-10-13 14:43:00.598 [info] > git ls-files --stage -- /home/erp/frappe-bench/apps/education/education/education/report/tiết_dạy/tiết_dạy.py [2ms]
2023-10-13 14:43:00.833 [info] > git check-ignore -v -z --stdin [11ms]
2023-10-13 14:43:00.833 [info] > git check-ignore -v -z --stdin [6ms]
2023-10-13 14:43:00.834 [info] > git check-ignore -v -z --stdin [1ms]
2023-10-13 14:43:29.079 [info] > git show --textconv :education/education/report/tiết_dạy/tiết_dạy.json [5ms]
2023-10-13 14:43:29.080 [info] > git ls-files --stage -- /home/erp/frappe-bench/apps/education/education/education/report/tiết_dạy/tiết_dạy.json [1ms]
2023-10-13 14:44:02.393 [info] > git show --textconv :education/education/report/tiết_dạy/tiết_dạy.js [5ms]
2023-10-13 14:44:02.394 [info] > git ls-files --stage -- /home/erp/frappe-bench/apps/education/education/education/report/tiết_dạy/tiết_dạy.js [1ms]
2023-10-13 14:47:02.354 [info] > git config --get commit.template [5ms]
2023-10-13 14:47:02.355 [info] > git for-each-ref --format=%(refname)%00%(upstream:short)%00%(objectname)%00%(upstream:track)%00%(upstream:remotename)%00%(upstream:remoteref) refs/heads/develop refs/remotes/develop [2ms]
2023-10-13 14:47:02.361 [info] > git status -z -uall [2ms]
2023-10-13 14:49:19.618 [info] > git config --get commit.template [5ms]
2023-10-13 14:49:19.619 [info] > git for-each-ref --format=%(refname)%00%(upstream:short)%00%(objectname)%00%(upstream:track)%00%(upstream:remotename)%00%(upstream:remoteref) refs/heads/develop refs/remotes/develop [2ms]
2023-10-13 14:49:19.625 [info] > git status -z -uall [3ms]
2023-10-13 14:49:36.196 [info] > git check-ignore -v -z --stdin [1ms]
2023-10-13 14:49:55.823 [info] > git config --get commit.template [13ms]
2023-10-13 14:49:55.824 [info] > git for-each-ref --format=%(refname)%00%(upstream:short)%00%(objectname)%00%(upstream:track)%00%(upstream:remotename)%00%(upstream:remoteref) refs/heads/develop refs/remotes/develop [3ms]
2023-10-13 14:49:55.835 [info] > git status -z -uall [3ms]
2023-10-13 14:52:14.010 [info] > git check-ignore -v -z --stdin [1ms]
2023-10-13 14:52:15.317 [info] > git check-ignore -v -z --stdin [1ms]
2023-10-13 14:52:16.194 [info] > git check-ignore -v -z --stdin [1ms]
2023-10-13 14:52:40.669 [info] > git show --textconv :hrms/hr/doctype/attendance/attendance.py [7ms]
2023-10-13 14:52:40.670 [info] > git ls-files --stage -- /home/erp/frappe-bench/apps/hrms/hrms/hr/doctype/attendance/attendance.py [2ms]
2023-10-13 14:52:40.679 [info] > git cat-file -s 072b4a7d049b6c14f9c860e27e8424706eb4418f [2ms]
2023-10-13 14:52:41.100 [info] > git check-ignore -v -z --stdin [9ms]
2023-10-13 14:52:41.101 [info] > git check-ignore -v -z --stdin [2ms]
2023-10-13 14:52:41.525 [info] > git config --get commit.template [10ms]
2023-10-13 14:52:41.527 [info] > git for-each-ref --format=%(refname)%00%(upstream:short)%00%(objectname)%00%(upstream:track)%00%(upstream:remotename)%00%(upstream:remoteref) refs/heads/develop refs/remotes/develop [2ms]
2023-10-13 14:52:41.540 [info] > git status -z -uall [4ms]
2023-10-23 07:51:51.858 [info] > git config --get commit.template [9ms]
2023-10-23 07:51:51.861 [info] > git for-each-ref --format=%(refname)%00%(upstream:short)%00%(objectname)%00%(upstream:track)%00%(upstream:remotename)%00%(upstream:remoteref) refs/heads/version-14 refs/remotes/version-14 [4ms]
2023-10-23 07:51:51.927 [info] > git status -z -uall [58ms]
