2023-11-06 10:01:40.662 [info] Extension host with pid 345493 started
2023-11-06 10:01:40.662 [info] Skipping acquiring lock for /home/erp/.config/Code/User/workspaceStorage/84585211ddbee95bd66f28b4b6aae9bd.
2023-11-06 10:01:40.915 [info] ExtensionService#_doActivateExtension vscode.emmet, startup: false, activationEvent: 'onLanguage'
2023-11-06 10:01:40.933 [info] ExtensionService#_doActivateExtension vscode.typescript-language-features, startup: false, activationEvent: 'onLanguage:javascript'
2023-11-06 10:01:40.994 [info] ExtensionService#_doActivateExtension ms-python.python, startup: false, activationEvent: 'onLanguage:python'
2023-11-06 10:01:41.609 [info] ExtensionService#_doActivateExtension ms-python.vscode-pylance, startup: false, activationEvent: 'onLanguage:python'
2023-11-06 10:01:42.129 [info] ExtensionService#_doActivateExtension vscode.git-base, startup: true, activationEvent: '*', root cause: vscode.git
2023-11-06 10:01:42.199 [info] ExtensionService#_doActivateExtension vscode.git, startup: true, activationEvent: '*'
2023-11-06 10:01:42.268 [info] ExtensionService#_doActivateExtension vscode.github, startup: true, activationEvent: '*'
2023-11-06 10:01:42.355 [info] Eager extensions activated
2023-11-06 10:01:42.388 [info] ExtensionService#_doActivateExtension vscode.debug-auto-launch, startup: false, activationEvent: 'onStartupFinished'
2023-11-06 10:01:42.392 [info] ExtensionService#_doActivateExtension vscode.merge-conflict, startup: false, activationEvent: 'onStartupFinished'
2023-11-06 10:01:42.958 [info] ExtensionService#_doActivateExtension vscode.github-authentication, startup: false, activationEvent: 'onAuthenticationRequest:github'
2023-11-06 10:04:12.589 [info] Extension host terminating: renderer closed the MessagePort
2023-11-06 10:04:12.608 [error] Canceled: Canceled
	at new f (/snap/code/144/usr/share/code/resources/app/out/vs/workbench/api/node/extensionHostProcess.js:125:108614)
	at n.U (/snap/code/144/usr/share/code/resources/app/out/vs/workbench/api/node/extensionHostProcess.js:134:10873)
	at F.<computed>.z.charCodeAt.F.<computed> (/snap/code/144/usr/share/code/resources/app/out/vs/workbench/api/node/extensionHostProcess.js:134:8315)
	at i.g (/snap/code/144/usr/share/code/resources/app/out/vs/workbench/api/node/extensionHostProcess.js:125:139130)
	at i.executeCommand (/snap/code/144/usr/share/code/resources/app/out/vs/workbench/api/node/extensionHostProcess.js:125:138568)
	at $.registerCommand.description (/snap/code/144/usr/share/code/resources/app/out/vs/workbench/api/node/extensionHostProcess.js:125:137892)
	at i.h (/snap/code/144/usr/share/code/resources/app/out/vs/workbench/api/node/extensionHostProcess.js:125:139669)
	at i.g (/snap/code/144/usr/share/code/resources/app/out/vs/workbench/api/node/extensionHostProcess.js:125:138661)
	at i.executeCommand (/snap/code/144/usr/share/code/resources/app/out/vs/workbench/api/node/extensionHostProcess.js:125:138568)
	at Object.executeCommand (/snap/code/144/usr/share/code/resources/app/out/vs/workbench/api/node/extensionHostProcess.js:140:21329)
	at h.D [as value] (/snap/code/144/usr/share/code/resources/app/extensions/git/dist/main.js:2:1316925)
	at c.y (/snap/code/144/usr/share/code/resources/app/out/vs/workbench/api/node/extensionHostProcess.js:80:1902)
	at c.z (/snap/code/144/usr/share/code/resources/app/out/vs/workbench/api/node/extensionHostProcess.js:80:1972)
	at c.fire (/snap/code/144/usr/share/code/resources/app/out/vs/workbench/api/node/extensionHostProcess.js:80:2188)
	at Object.m [as dispose] (/snap/code/144/usr/share/code/resources/app/extensions/git/dist/main.js:2:1332842)
	at /snap/code/144/usr/share/code/resources/app/extensions/git/dist/main.js:2:1337795
	at Array.forEach (<anonymous>)
	at g.dispose (/snap/code/144/usr/share/code/resources/app/extensions/git/dist/main.js:2:1337781)
	at v.<anonymous> (/snap/code/144/usr/share/code/resources/app/out/vs/workbench/api/node/extensionHostProcess.js:121:3572)
	at v.dispose (/snap/code/144/usr/share/code/resources/app/out/vs/workbench/api/node/extensionHostProcess.js:121:3669)
	at v.<anonymous> (/snap/code/144/usr/share/code/resources/app/extensions/git/dist/main.js:2:1318937)
	at v.dispose (/snap/code/144/usr/share/code/resources/app/out/vs/workbench/api/node/extensionHostProcess.js:121:3669)
	at o (/snap/code/144/usr/share/code/resources/app/out/vs/workbench/api/node/extensionHostProcess.js:30:754)
	at h.cb (/snap/code/144/usr/share/code/resources/app/out/vs/workbench/api/node/extensionHostProcess.js:136:9843)
	at /snap/code/144/usr/share/code/resources/app/out/vs/workbench/api/node/extensionHostProcess.js:136:7793
	at Array.map (<anonymous>)
	at h.Y (/snap/code/144/usr/share/code/resources/app/out/vs/workbench/api/node/extensionHostProcess.js:136:7781)
	at h.terminate (/snap/code/144/usr/share/code/resources/app/out/vs/workbench/api/node/extensionHostProcess.js:136:8051)
	at o.terminate (/snap/code/144/usr/share/code/resources/app/out/vs/workbench/api/node/extensionHostProcess.js:140:1513)
	at a (/snap/code/144/usr/share/code/resources/app/out/vs/workbench/api/node/extensionHostProcess.js:153:9817)
	at MessagePortMain.<anonymous> (/snap/code/144/usr/share/code/resources/app/out/vs/workbench/api/node/extensionHostProcess.js:153:6242)
	at MessagePortMain.emit (node:events:513:28)
	at MessagePortMain._internalPort.emit (node:electron/js2c/utility_init:2:367) setContext undefined
2023-11-06 10:04:12.608 [error] Canceled: Canceled
	at new f (/snap/code/144/usr/share/code/resources/app/out/vs/workbench/api/node/extensionHostProcess.js:125:108614)
	at n.U (/snap/code/144/usr/share/code/resources/app/out/vs/workbench/api/node/extensionHostProcess.js:134:10873)
	at F.<computed>.z.charCodeAt.F.<computed> (/snap/code/144/usr/share/code/resources/app/out/vs/workbench/api/node/extensionHostProcess.js:134:8315)
	at i.g (/snap/code/144/usr/share/code/resources/app/out/vs/workbench/api/node/extensionHostProcess.js:125:139130)
	at i.executeCommand (/snap/code/144/usr/share/code/resources/app/out/vs/workbench/api/node/extensionHostProcess.js:125:138568)
	at $.registerCommand.description (/snap/code/144/usr/share/code/resources/app/out/vs/workbench/api/node/extensionHostProcess.js:125:137892)
	at i.h (/snap/code/144/usr/share/code/resources/app/out/vs/workbench/api/node/extensionHostProcess.js:125:139669)
	at i.g (/snap/code/144/usr/share/code/resources/app/out/vs/workbench/api/node/extensionHostProcess.js:125:138661)
	at i.executeCommand (/snap/code/144/usr/share/code/resources/app/out/vs/workbench/api/node/extensionHostProcess.js:125:138568)
	at Object.executeCommand (/snap/code/144/usr/share/code/resources/app/out/vs/workbench/api/node/extensionHostProcess.js:140:21329)
	at h.D [as value] (/snap/code/144/usr/share/code/resources/app/extensions/git/dist/main.js:2:1316925)
	at c.y (/snap/code/144/usr/share/code/resources/app/out/vs/workbench/api/node/extensionHostProcess.js:80:1902)
	at c.z (/snap/code/144/usr/share/code/resources/app/out/vs/workbench/api/node/extensionHostProcess.js:80:1972)
	at c.fire (/snap/code/144/usr/share/code/resources/app/out/vs/workbench/api/node/extensionHostProcess.js:80:2188)
	at Object.m [as dispose] (/snap/code/144/usr/share/code/resources/app/extensions/git/dist/main.js:2:1332842)
	at /snap/code/144/usr/share/code/resources/app/extensions/git/dist/main.js:2:1337795
	at Array.forEach (<anonymous>)
	at g.dispose (/snap/code/144/usr/share/code/resources/app/extensions/git/dist/main.js:2:1337781)
	at v.<anonymous> (/snap/code/144/usr/share/code/resources/app/out/vs/workbench/api/node/extensionHostProcess.js:121:3572)
	at v.dispose (/snap/code/144/usr/share/code/resources/app/out/vs/workbench/api/node/extensionHostProcess.js:121:3669)
	at v.<anonymous> (/snap/code/144/usr/share/code/resources/app/extensions/git/dist/main.js:2:1318937)
	at v.dispose (/snap/code/144/usr/share/code/resources/app/out/vs/workbench/api/node/extensionHostProcess.js:121:3669)
	at o (/snap/code/144/usr/share/code/resources/app/out/vs/workbench/api/node/extensionHostProcess.js:30:754)
	at h.cb (/snap/code/144/usr/share/code/resources/app/out/vs/workbench/api/node/extensionHostProcess.js:136:9843)
	at /snap/code/144/usr/share/code/resources/app/out/vs/workbench/api/node/extensionHostProcess.js:136:7793
	at Array.map (<anonymous>)
	at h.Y (/snap/code/144/usr/share/code/resources/app/out/vs/workbench/api/node/extensionHostProcess.js:136:7781)
	at h.terminate (/snap/code/144/usr/share/code/resources/app/out/vs/workbench/api/node/extensionHostProcess.js:136:8051)
	at o.terminate (/snap/code/144/usr/share/code/resources/app/out/vs/workbench/api/node/extensionHostProcess.js:140:1513)
	at a (/snap/code/144/usr/share/code/resources/app/out/vs/workbench/api/node/extensionHostProcess.js:153:9817)
	at MessagePortMain.<anonymous> (/snap/code/144/usr/share/code/resources/app/out/vs/workbench/api/node/extensionHostProcess.js:153:6242)
	at MessagePortMain.emit (node:events:513:28)
	at MessagePortMain._internalPort.emit (node:electron/js2c/utility_init:2:367) setContext undefined
2023-11-06 10:04:12.609 [error] Canceled: Canceled
	at new f (/snap/code/144/usr/share/code/resources/app/out/vs/workbench/api/node/extensionHostProcess.js:125:108614)
	at n.U (/snap/code/144/usr/share/code/resources/app/out/vs/workbench/api/node/extensionHostProcess.js:134:10873)
	at F.<computed>.z.charCodeAt.F.<computed> (/snap/code/144/usr/share/code/resources/app/out/vs/workbench/api/node/extensionHostProcess.js:134:8315)
	at i.g (/snap/code/144/usr/share/code/resources/app/out/vs/workbench/api/node/extensionHostProcess.js:125:139130)
	at i.executeCommand (/snap/code/144/usr/share/code/resources/app/out/vs/workbench/api/node/extensionHostProcess.js:125:138568)
	at $.registerCommand.description (/snap/code/144/usr/share/code/resources/app/out/vs/workbench/api/node/extensionHostProcess.js:125:137892)
	at i.h (/snap/code/144/usr/share/code/resources/app/out/vs/workbench/api/node/extensionHostProcess.js:125:139669)
	at i.g (/snap/code/144/usr/share/code/resources/app/out/vs/workbench/api/node/extensionHostProcess.js:125:138661)
	at i.executeCommand (/snap/code/144/usr/share/code/resources/app/out/vs/workbench/api/node/extensionHostProcess.js:125:138568)
	at Object.executeCommand (/snap/code/144/usr/share/code/resources/app/out/vs/workbench/api/node/extensionHostProcess.js:140:21329)
	at set b [as b] (/snap/code/144/usr/share/code/resources/app/extensions/github/dist/extension.js:2:714708)
	at /snap/code/144/usr/share/code/resources/app/extensions/github/dist/extension.js:2:715349
	at h.value (/snap/code/144/usr/share/code/resources/app/extensions/git/dist/main.js:2:1408111)
	at c.y (/snap/code/144/usr/share/code/resources/app/out/vs/workbench/api/node/extensionHostProcess.js:80:1902)
	at c.z (/snap/code/144/usr/share/code/resources/app/out/vs/workbench/api/node/extensionHostProcess.js:80:1972)
	at c.fire (/snap/code/144/usr/share/code/resources/app/out/vs/workbench/api/node/extensionHostProcess.js:80:2188)
	at Object.m [as dispose] (/snap/code/144/usr/share/code/resources/app/extensions/git/dist/main.js:2:1332842)
	at /snap/code/144/usr/share/code/resources/app/extensions/git/dist/main.js:2:1337795
	at Array.forEach (<anonymous>)
	at g.dispose (/snap/code/144/usr/share/code/resources/app/extensions/git/dist/main.js:2:1337781)
	at v.<anonymous> (/snap/code/144/usr/share/code/resources/app/out/vs/workbench/api/node/extensionHostProcess.js:121:3572)
	at v.dispose (/snap/code/144/usr/share/code/resources/app/out/vs/workbench/api/node/extensionHostProcess.js:121:3669)
	at v.<anonymous> (/snap/code/144/usr/share/code/resources/app/extensions/git/dist/main.js:2:1318937)
	at v.dispose (/snap/code/144/usr/share/code/resources/app/out/vs/workbench/api/node/extensionHostProcess.js:121:3669)
	at o (/snap/code/144/usr/share/code/resources/app/out/vs/workbench/api/node/extensionHostProcess.js:30:754)
	at h.cb (/snap/code/144/usr/share/code/resources/app/out/vs/workbench/api/node/extensionHostProcess.js:136:9843)
	at /snap/code/144/usr/share/code/resources/app/out/vs/workbench/api/node/extensionHostProcess.js:136:7793
	at Array.map (<anonymous>)
	at h.Y (/snap/code/144/usr/share/code/resources/app/out/vs/workbench/api/node/extensionHostProcess.js:136:7781)
	at h.terminate (/snap/code/144/usr/share/code/resources/app/out/vs/workbench/api/node/extensionHostProcess.js:136:8051)
	at o.terminate (/snap/code/144/usr/share/code/resources/app/out/vs/workbench/api/node/extensionHostProcess.js:140:1513)
	at a (/snap/code/144/usr/share/code/resources/app/out/vs/workbench/api/node/extensionHostProcess.js:153:9817)
	at MessagePortMain.<anonymous> (/snap/code/144/usr/share/code/resources/app/out/vs/workbench/api/node/extensionHostProcess.js:153:6242)
	at MessagePortMain.emit (node:events:513:28)
	at MessagePortMain._internalPort.emit (node:electron/js2c/utility_init:2:367) setContext undefined
2023-11-06 10:04:12.612 [info] Extension host with pid 345493 exiting with code 0
