2023-10-26 09:33:54.262 [info] Log level: Info
2023-10-26 09:33:54.262 [info] Validating found git in: "git"
2023-10-26 09:33:54.262 [info] Using git "2.34.1" from "git"
2023-10-26 09:33:54.262 [info] > git rev-parse --show-toplevel [11ms]
2023-10-26 09:33:54.262 [info] fatal: not a git repository (or any of the parent directories): .git
2023-10-26 09:33:54.262 [info] > git rev-parse --show-toplevel [3ms]
2023-10-26 09:33:54.267 [info] > git rev-parse --git-dir --git-common-dir [1ms]
2023-10-26 09:33:54.274 [info] Open repository: /home/erp/frappe-bench/apps/education
2023-10-26 09:33:54.291 [info] > git rev-parse --show-toplevel [4ms]
2023-10-26 09:33:54.291 [info] fatal: not a git repository (or any of the parent directories): .git
2023-10-26 09:33:54.292 [info] > git config --get commit.template [9ms]
2023-10-26 09:33:54.308 [info] > git rev-parse --show-toplevel [6ms]
2023-10-26 09:33:54.308 [info] fatal: not a git repository (or any of the parent directories): .git
2023-10-26 09:33:54.322 [info] > git for-each-ref --format=%(refname)%00%(upstream:short)%00%(objectname)%00%(upstream:track)%00%(upstream:remotename)%00%(upstream:remoteref) refs/heads/develop refs/remotes/develop [15ms]
2023-10-26 09:33:54.328 [info] > git rev-parse --show-toplevel [9ms]
2023-10-26 09:33:54.328 [info] fatal: not a git repository (or any of the parent directories): .git
2023-10-26 09:33:54.333 [info] > git status -z -uall [6ms]
2023-10-26 09:33:54.342 [info] > git rev-parse --show-toplevel [9ms]
2023-10-26 09:33:54.342 [info] fatal: not a git repository (or any of the parent directories): .git
2023-10-26 09:33:54.348 [info] > git config --get commit.template [7ms]
2023-10-26 09:33:54.353 [info] > git rev-parse --show-toplevel [6ms]
2023-10-26 09:33:54.353 [info] fatal: not a git repository (or any of the parent directories): .git
2023-10-26 09:33:54.358 [info] > git for-each-ref --format=%(refname)%00%(upstream:short)%00%(objectname)%00%(upstream:track)%00%(upstream:remotename)%00%(upstream:remoteref) refs/heads/develop refs/remotes/develop [6ms]
2023-10-26 09:33:54.364 [info] > git rev-parse --show-toplevel [6ms]
2023-10-26 09:33:54.364 [info] fatal: not a git repository (or any of the parent directories): .git
2023-10-26 09:33:54.371 [info] > git status -z -uall [7ms]
2023-10-26 09:33:54.371 [info] > git rev-parse --show-toplevel [2ms]
2023-10-26 09:33:54.371 [info] fatal: not a git repository (or any of the parent directories): .git
2023-10-26 09:33:54.529 [info] > git rev-parse --show-toplevel [1ms]
2023-10-26 09:33:54.529 [info] fatal: not a git repository (or any of the parent directories): .git
2023-10-26 09:33:54.688 [info] > git show --textconv :education/education/doctype/student_applicant/student_applicant.json [4ms]
2023-10-26 09:33:54.689 [info] > git ls-files --stage -- /home/erp/frappe-bench/apps/education/education/education/doctype/student_applicant/student_applicant.json [1ms]
2023-10-26 09:33:54.698 [info] > git cat-file -s 8a7a787aa09696167080bd9f820ff1f3359451b1 [5ms]
2023-10-26 09:33:54.795 [info] > git check-ignore -v -z --stdin [1ms]
2023-10-26 09:33:56.963 [info] > git check-ignore -v -z --stdin [1ms]
2023-10-26 09:33:58.302 [info] > git check-ignore -v -z --stdin [1ms]
2023-10-26 09:33:59.533 [info] > git check-ignore -v -z --stdin [1ms]
2023-10-26 09:34:18.285 [info] > git rev-parse --show-toplevel [1ms]
2023-10-26 09:34:18.294 [info] > git rev-parse --git-dir --git-common-dir [4ms]
2023-10-26 09:34:18.297 [info] Open repository: /home/erp/frappe-bench/apps/hrms
2023-10-26 09:34:18.307 [info] > git config --get commit.template [5ms]
2023-10-26 09:34:18.307 [info] > git for-each-ref --format=%(refname)%00%(upstream:short)%00%(objectname)%00%(upstream:track)%00%(upstream:remotename)%00%(upstream:remoteref) refs/heads/version-14 refs/remotes/version-14 [1ms]
2023-10-26 09:34:18.336 [info] > git status -z -uall [24ms]
2023-10-26 09:34:18.349 [info] > git config --get commit.template [5ms]
2023-10-26 09:34:18.350 [info] > git for-each-ref --format=%(refname)%00%(upstream:short)%00%(objectname)%00%(upstream:track)%00%(upstream:remotename)%00%(upstream:remoteref) refs/heads/version-14 refs/remotes/version-14 [1ms]
2023-10-26 09:34:18.379 [info] > git status -z -uall [23ms]
2023-10-26 09:34:18.628 [info] > git ls-files --stage -- /home/erp/frappe-bench/apps/hrms/hrms/hr/doctype/attendance/attendance.json [1ms]
2023-10-26 09:34:18.632 [info] > git show --textconv :hrms/hr/doctype/attendance/attendance.json [10ms]
2023-10-26 09:34:18.633 [info] > git cat-file -s edc808f6937e49454a66d1b0bce8f3e8d6bb8aff [1ms]
2023-10-26 09:34:18.894 [info] > git check-ignore -v -z --stdin [5ms]
2023-10-26 09:34:18.895 [info] > git check-ignore -v -z --stdin [2ms]
2023-10-26 09:35:18.151 [info] > git config --get commit.template [4ms]
2023-10-26 09:35:18.152 [info] > git for-each-ref --format=%(refname)%00%(upstream:short)%00%(objectname)%00%(upstream:track)%00%(upstream:remotename)%00%(upstream:remoteref) refs/heads/version-14 refs/remotes/version-14 [2ms]
2023-10-26 09:35:18.174 [info] > git status -z -uall [20ms]
2023-10-26 09:36:09.475 [info] > git show --textconv :hrms/hr/doctype/attendance/attendance.py [6ms]
2023-10-26 09:36:09.476 [info] > git ls-files --stage -- /home/erp/frappe-bench/apps/hrms/hrms/hr/doctype/attendance/attendance.py [1ms]
2023-10-26 09:36:09.480 [info] > git cat-file -s 072b4a7d049b6c14f9c860e27e8424706eb4418f [1ms]
2023-10-26 09:37:51.485 [info] > git check-ignore -v -z --stdin [2ms]
2023-10-26 09:37:54.991 [info] > git check-ignore -v -z --stdin [3ms]
2023-10-26 09:37:57.283 [info] > git check-ignore -v -z --stdin [2ms]
2023-10-26 09:37:58.100 [info] > git check-ignore -v -z --stdin [2ms]
2023-10-26 09:37:58.663 [info] > git check-ignore -v -z --stdin [1ms]
2023-10-26 09:38:00.299 [info] > git check-ignore -v -z --stdin [3ms]
2023-10-26 09:38:02.275 [info] > git show --textconv :hrms/hr/report/monthly_attendance_sheet/monthly_attendance_sheet.js [4ms]
2023-10-26 09:38:02.276 [info] > git ls-files --stage -- /home/erp/frappe-bench/apps/hrms/hrms/hr/report/monthly_attendance_sheet/monthly_attendance_sheet.js [1ms]
2023-10-26 09:38:02.281 [info] > git cat-file -s f9d57b3cefa71bee997b96ec608d250c750a61f5 [2ms]
2023-10-26 09:38:35.063 [info] > git show --textconv :hrms/hr/report/monthly_attendance_sheet/monthly_attendance_sheet.json [4ms]
2023-10-26 09:38:35.064 [info] > git ls-files --stage -- /home/erp/frappe-bench/apps/hrms/hrms/hr/report/monthly_attendance_sheet/monthly_attendance_sheet.json [1ms]
2023-10-26 09:38:35.068 [info] > git cat-file -s 4daab813fe63c3777eb7912e8d95677e183c992b [1ms]
2023-10-26 09:38:40.320 [info] > git show --textconv :hrms/hr/report/monthly_attendance_sheet/monthly_attendance_sheet.py [6ms]
2023-10-26 09:38:40.321 [info] > git ls-files --stage -- /home/erp/frappe-bench/apps/hrms/hrms/hr/report/monthly_attendance_sheet/monthly_attendance_sheet.py [2ms]
2023-10-26 09:38:40.327 [info] > git cat-file -s 374aba20bb5a6f81b1584573b9d291a5ac350d38 [1ms]
2023-10-26 09:38:57.541 [info] > git config --get commit.template [4ms]
2023-10-26 09:38:57.542 [info] > git for-each-ref --format=%(refname)%00%(upstream:short)%00%(objectname)%00%(upstream:track)%00%(upstream:remotename)%00%(upstream:remoteref) refs/heads/version-14 refs/remotes/version-14 [2ms]
2023-10-26 09:38:57.565 [info] > git status -z -uall [19ms]
2023-10-26 09:40:55.893 [info] > git show --textconv :hrms/hr/report/monthly_attendance_sheet/monthly_attendance_sheet.json [4ms]
2023-10-26 09:40:55.895 [info] > git ls-files --stage -- /home/erp/frappe-bench/apps/hrms/hrms/hr/report/monthly_attendance_sheet/monthly_attendance_sheet.json [2ms]
2023-10-26 09:40:55.898 [info] > git cat-file -s 4daab813fe63c3777eb7912e8d95677e183c992b [1ms]
2023-10-26 09:40:56.533 [info] > git show --textconv :hrms/hr/report/monthly_attendance_sheet/monthly_attendance_sheet.js [6ms]
2023-10-26 09:40:56.534 [info] > git ls-files --stage -- /home/erp/frappe-bench/apps/hrms/hrms/hr/report/monthly_attendance_sheet/monthly_attendance_sheet.js [2ms]
2023-10-26 09:40:56.538 [info] > git cat-file -s f9d57b3cefa71bee997b96ec608d250c750a61f5 [1ms]
2023-10-26 09:41:17.685 [info] > git for-each-ref --format=%(refname)%00%(upstream:short)%00%(objectname)%00%(upstream:track)%00%(upstream:remotename)%00%(upstream:remoteref) refs/heads/version-14 refs/remotes/version-14 [4ms]
2023-10-26 09:41:17.685 [info] > git config --get commit.template [8ms]
2023-10-26 09:41:17.717 [info] > git status -z -uall [26ms]
2023-10-26 09:43:24.092 [info] > git show --textconv :hrms/hr/report/monthly_attendance_sheet/monthly_attendance_sheet.json [4ms]
2023-10-26 09:43:24.094 [info] > git ls-files --stage -- /home/erp/frappe-bench/apps/hrms/hrms/hr/report/monthly_attendance_sheet/monthly_attendance_sheet.json [2ms]
2023-10-26 09:43:24.098 [info] > git cat-file -s 4daab813fe63c3777eb7912e8d95677e183c992b [1ms]
2023-10-26 09:43:40.482 [info] > git show --textconv :education/education/doctype/student_applicant/student_applicant.json [4ms]
2023-10-26 09:43:40.483 [info] > git ls-files --stage -- /home/erp/frappe-bench/apps/education/education/education/doctype/student_applicant/student_applicant.json [1ms]
2023-10-26 09:43:40.488 [info] > git cat-file -s 8a7a787aa09696167080bd9f820ff1f3359451b1 [2ms]
2023-10-26 09:43:40.905 [info] > git check-ignore -v -z --stdin [5ms]
2023-10-26 09:43:40.906 [info] > git check-ignore -v -z --stdin [2ms]
2023-10-26 09:43:42.515 [info] > git show --textconv :hrms/hr/report/monthly_attendance_sheet/monthly_attendance_sheet.json [5ms]
2023-10-26 09:43:42.516 [info] > git ls-files --stage -- /home/erp/frappe-bench/apps/hrms/hrms/hr/report/monthly_attendance_sheet/monthly_attendance_sheet.json [1ms]
2023-10-26 09:43:42.521 [info] > git cat-file -s 4daab813fe63c3777eb7912e8d95677e183c992b [2ms]
2023-10-26 09:43:42.851 [info] > git check-ignore -v -z --stdin [2ms]
2023-10-26 09:43:43.998 [info] > git show --textconv :hrms/hr/doctype/attendance/attendance.json [3ms]
2023-10-26 09:43:43.999 [info] > git ls-files --stage -- /home/erp/frappe-bench/apps/hrms/hrms/hr/doctype/attendance/attendance.json [1ms]
2023-10-26 09:43:44.003 [info] > git cat-file -s edc808f6937e49454a66d1b0bce8f3e8d6bb8aff [1ms]
2023-10-26 09:43:48.986 [info] > git show --textconv :hrms/hr/doctype/attendance/attendance.py [5ms]
2023-10-26 09:43:48.987 [info] > git ls-files --stage -- /home/erp/frappe-bench/apps/hrms/hrms/hr/doctype/attendance/attendance.py [1ms]
2023-10-26 09:43:48.992 [info] > git cat-file -s 072b4a7d049b6c14f9c860e27e8424706eb4418f [1ms]
2023-10-26 09:43:53.797 [info] > git show --textconv :hrms/hr/doctype/attendance/attendance.json [3ms]
2023-10-26 09:43:53.798 [info] > git ls-files --stage -- /home/erp/frappe-bench/apps/hrms/hrms/hr/doctype/attendance/attendance.json [1ms]
2023-10-26 09:43:53.802 [info] > git cat-file -s edc808f6937e49454a66d1b0bce8f3e8d6bb8aff [1ms]
2023-10-26 09:44:54.535 [info] > git config --get commit.template [16ms]
2023-10-26 09:44:54.536 [info] > git for-each-ref --format=%(refname)%00%(upstream:short)%00%(objectname)%00%(upstream:track)%00%(upstream:remotename)%00%(upstream:remoteref) refs/heads/version-14 refs/remotes/version-14 [3ms]
2023-10-26 09:44:54.565 [info] > git status -z -uall [21ms]
2023-10-26 09:44:56.988 [info] > git show --textconv :hrms/hr/doctype/attendance/attendance_list.js [4ms]
2023-10-26 09:44:56.989 [info] > git ls-files --stage -- /home/erp/frappe-bench/apps/hrms/hrms/hr/doctype/attendance/attendance_list.js [1ms]
2023-10-26 09:44:56.994 [info] > git cat-file -s 97132e8204654523e30a295eb3970bcb909f76c2 [2ms]
2023-10-26 09:45:11.109 [info] > git show --textconv :hrms/hr/doctype/attendance/attendance.json [3ms]
2023-10-26 09:45:11.109 [info] > git ls-files --stage -- /home/erp/frappe-bench/apps/hrms/hrms/hr/doctype/attendance/attendance.json [1ms]
2023-10-26 09:45:11.114 [info] > git cat-file -s edc808f6937e49454a66d1b0bce8f3e8d6bb8aff [1ms]
2023-10-26 09:45:16.912 [info] > git show --textconv :hrms/hr/doctype/attendance/attendance_list.js [4ms]
2023-10-26 09:45:16.913 [info] > git ls-files --stage -- /home/erp/frappe-bench/apps/hrms/hrms/hr/doctype/attendance/attendance_list.js [1ms]
2023-10-26 09:45:16.917 [info] > git cat-file -s 97132e8204654523e30a295eb3970bcb909f76c2 [1ms]
2023-10-26 09:45:20.184 [info] > git config --get commit.template [4ms]
2023-10-26 09:45:20.185 [info] > git for-each-ref --format=%(refname)%00%(upstream:short)%00%(objectname)%00%(upstream:track)%00%(upstream:remotename)%00%(upstream:remoteref) refs/heads/version-14 refs/remotes/version-14 [2ms]
2023-10-26 09:45:20.215 [info] > git status -z -uall [26ms]
2023-10-26 09:46:05.207 [info] > git config --get commit.template [4ms]
2023-10-26 09:46:05.208 [info] > git for-each-ref --format=%(refname)%00%(upstream:short)%00%(objectname)%00%(upstream:track)%00%(upstream:remotename)%00%(upstream:remoteref) refs/heads/version-14 refs/remotes/version-14 [1ms]
2023-10-26 09:46:05.231 [info] > git status -z -uall [19ms]
2023-10-26 09:47:37.631 [info] > git rev-parse --show-toplevel [1ms]
2023-10-26 09:47:37.635 [info] > git rev-parse --git-dir --git-common-dir [1ms]
2023-10-26 09:47:37.641 [info] Open repository: /home/erp/frappe-bench/apps/erpnext
2023-10-26 09:47:37.650 [info] > git config --get commit.template [2ms]
2023-10-26 09:47:37.662 [info] > git for-each-ref --format=%(refname)%00%(upstream:short)%00%(objectname)%00%(upstream:track)%00%(upstream:remotename)%00%(upstream:remoteref) refs/heads/version-14 refs/remotes/version-14 [8ms]
2023-10-26 09:47:37.709 [info] > git status -z -uall [43ms]
2023-10-26 09:47:37.720 [info] > git config --get commit.template [2ms]
2023-10-26 09:47:37.729 [info] > git for-each-ref --format=%(refname)%00%(upstream:short)%00%(objectname)%00%(upstream:track)%00%(upstream:remotename)%00%(upstream:remoteref) refs/heads/version-14 refs/remotes/version-14 [3ms]
2023-10-26 09:47:37.758 [info] > git status -z -uall [23ms]
2023-10-26 09:47:37.960 [info] > git show --textconv :erpnext/setup/doctype/employee/employee.py [5ms]
2023-10-26 09:47:37.963 [info] > git ls-files --stage -- /home/erp/frappe-bench/apps/erpnext/erpnext/setup/doctype/employee/employee.py [3ms]
2023-10-26 09:47:37.970 [info] > git cat-file -s 78f2e4935e775c011053bdacba5994a52322c1e3 [1ms]
2023-10-26 09:47:38.364 [info] > git check-ignore -v -z --stdin [10ms]
2023-10-26 09:47:38.365 [info] > git check-ignore -v -z --stdin [1ms]
2023-10-26 09:47:38.369 [info] > git check-ignore -v -z --stdin [12ms]
2023-10-26 09:47:38.778 [info] > git show --textconv :hrms/hr/doctype/attendance/attendance_list.js [5ms]
2023-10-26 09:47:38.779 [info] > git ls-files --stage -- /home/erp/frappe-bench/apps/hrms/hrms/hr/doctype/attendance/attendance_list.js [1ms]
2023-10-26 09:47:38.783 [info] > git cat-file -s 97132e8204654523e30a295eb3970bcb909f76c2 [1ms]
2023-10-26 09:47:40.296 [info] > git show --textconv :education/education/doctype/fees/fees.py [6ms]
2023-10-26 09:47:40.298 [info] > git ls-files --stage -- /home/erp/frappe-bench/apps/education/education/education/doctype/fees/fees.py [2ms]
2023-10-26 09:47:40.304 [info] > git cat-file -s ed1875db8aaed8137f7f77243d4584ecf7aa5705 [1ms]
2023-10-26 09:47:40.695 [info] > git check-ignore -v -z --stdin [2ms]
2023-10-26 09:47:43.661 [info] > git show --textconv :hrms/hr/doctype/attendance/attendance_list.js [6ms]
2023-10-26 09:47:43.661 [info] > git ls-files --stage -- /home/erp/frappe-bench/apps/hrms/hrms/hr/doctype/attendance/attendance_list.js [2ms]
2023-10-26 09:47:43.667 [info] > git cat-file -s 97132e8204654523e30a295eb3970bcb909f76c2 [1ms]
2023-10-26 09:47:44.506 [info] > git config --get commit.template [4ms]
2023-10-26 09:47:44.507 [info] > git for-each-ref --format=%(refname)%00%(upstream:short)%00%(objectname)%00%(upstream:track)%00%(upstream:remotename)%00%(upstream:remoteref) refs/heads/develop refs/remotes/develop [2ms]
2023-10-26 09:47:44.514 [info] > git status -z -uall [3ms]
2023-10-26 09:47:44.826 [info] > git show --textconv :erpnext/modules.txt [5ms]
2023-10-26 09:47:44.827 [info] > git ls-files --stage -- /home/erp/frappe-bench/apps/erpnext/erpnext/modules.txt [2ms]
2023-10-26 09:47:44.832 [info] > git cat-file -s af962971d28f8b2389aa0c72c5f47453d24ab1a4 [1ms]
2023-10-26 09:47:45.103 [info] > git check-ignore -v -z --stdin [1ms]
2023-10-26 09:47:45.895 [info] > git show --textconv :hrms/hr/doctype/attendance/attendance_list.js [4ms]
2023-10-26 09:47:45.896 [info] > git ls-files --stage -- /home/erp/frappe-bench/apps/hrms/hrms/hr/doctype/attendance/attendance_list.js [2ms]
2023-10-26 09:47:45.900 [info] > git cat-file -s 97132e8204654523e30a295eb3970bcb909f76c2 [2ms]
2023-10-26 09:47:49.014 [info] > git rev-parse --show-toplevel [1ms]
2023-10-26 09:47:49.014 [info] fatal: not a git repository (or any of the parent directories): .git
2023-10-26 09:47:49.560 [info] > git check-ignore -v -z --stdin [2ms]
2023-10-26 09:47:50.965 [info] > git show --textconv :hrms/hr/doctype/attendance/attendance_list.js [4ms]
2023-10-26 09:47:50.966 [info] > git ls-files --stage -- /home/erp/frappe-bench/apps/hrms/hrms/hr/doctype/attendance/attendance_list.js [1ms]
2023-10-26 09:47:50.971 [info] > git cat-file -s 97132e8204654523e30a295eb3970bcb909f76c2 [2ms]
2023-10-26 09:47:55.457 [info] > git show --textconv :hrms/hr/report/monthly_attendance_sheet/monthly_attendance_sheet.py [5ms]
2023-10-26 09:47:55.458 [info] > git ls-files --stage -- /home/erp/frappe-bench/apps/hrms/hrms/hr/report/monthly_attendance_sheet/monthly_attendance_sheet.py [2ms]
2023-10-26 09:47:55.462 [info] > git cat-file -s 374aba20bb5a6f81b1584573b9d291a5ac350d38 [1ms]
2023-10-26 09:47:55.800 [info] > git check-ignore -v -z --stdin [2ms]
2023-10-26 09:49:07.297 [info] > git check-ignore -v -z --stdin [1ms]
2023-10-26 09:50:52.516 [info] > git show --textconv :hrms/hr/doctype/attendance/attendance_list.js [4ms]
2023-10-26 09:50:52.517 [info] > git ls-files --stage -- /home/erp/frappe-bench/apps/hrms/hrms/hr/doctype/attendance/attendance_list.js [1ms]
2023-10-26 09:50:52.523 [info] > git cat-file -s 97132e8204654523e30a295eb3970bcb909f76c2 [1ms]
2023-10-26 09:51:05.109 [info] > git show --textconv :hrms/hr/doctype/attendance/attendance.json [4ms]
2023-10-26 09:51:05.110 [info] > git ls-files --stage -- /home/erp/frappe-bench/apps/hrms/hrms/hr/doctype/attendance/attendance.json [2ms]
2023-10-26 09:51:05.114 [info] > git cat-file -s edc808f6937e49454a66d1b0bce8f3e8d6bb8aff [1ms]
2023-10-26 09:51:06.849 [info] > git show --textconv :hrms/hr/report/monthly_attendance_sheet/monthly_attendance_sheet.js [4ms]
2023-10-26 09:51:06.850 [info] > git ls-files --stage -- /home/erp/frappe-bench/apps/hrms/hrms/hr/report/monthly_attendance_sheet/monthly_attendance_sheet.js [2ms]
2023-10-26 09:51:06.855 [info] > git cat-file -s f9d57b3cefa71bee997b96ec608d250c750a61f5 [1ms]
2023-10-26 09:51:12.254 [info] > git show --textconv :hrms/hr/report/monthly_attendance_sheet/monthly_attendance_sheet.py [5ms]
2023-10-26 09:51:12.255 [info] > git ls-files --stage -- /home/erp/frappe-bench/apps/hrms/hrms/hr/report/monthly_attendance_sheet/monthly_attendance_sheet.py [2ms]
2023-10-26 09:51:12.260 [info] > git cat-file -s 374aba20bb5a6f81b1584573b9d291a5ac350d38 [1ms]
2023-10-26 09:52:13.496 [info] > git rev-parse --show-toplevel [1ms]
2023-10-26 09:52:13.496 [info] fatal: not a git repository (or any of the parent directories): .git
2023-10-26 09:52:23.211 [info] > git show --textconv :hrms/hr/report/monthly_attendance_sheet/monthly_attendance_sheet.py [3ms]
2023-10-26 09:52:23.212 [info] > git ls-files --stage -- /home/erp/frappe-bench/apps/hrms/hrms/hr/report/monthly_attendance_sheet/monthly_attendance_sheet.py [1ms]
2023-10-26 09:52:23.217 [info] > git cat-file -s 374aba20bb5a6f81b1584573b9d291a5ac350d38 [2ms]
2023-10-26 09:53:31.794 [info] > git show --textconv :hrms/hr/doctype/attendance/attendance.json [4ms]
2023-10-26 09:53:31.795 [info] > git ls-files --stage -- /home/erp/frappe-bench/apps/hrms/hrms/hr/doctype/attendance/attendance.json [2ms]
2023-10-26 09:53:31.801 [info] > git cat-file -s edc808f6937e49454a66d1b0bce8f3e8d6bb8aff [1ms]
2023-10-26 09:53:34.050 [info] > git show --textconv :hrms/hr/doctype/attendance/attendance_dashboard.py [5ms]
2023-10-26 09:53:34.051 [info] > git ls-files --stage -- /home/erp/frappe-bench/apps/hrms/hrms/hr/doctype/attendance/attendance_dashboard.py [2ms]
2023-10-26 09:53:34.055 [info] > git cat-file -s abed78fbbbe5526f9eccb15cdf15fd2f52733c9f [2ms]
2023-10-26 09:53:39.357 [info] > git show --textconv :hrms/hr/doctype/attendance/attendance_calendar.js [4ms]
2023-10-26 09:53:39.359 [info] > git ls-files --stage -- /home/erp/frappe-bench/apps/hrms/hrms/hr/doctype/attendance/attendance_calendar.js [2ms]
2023-10-26 09:53:39.362 [info] > git cat-file -s 6341c8794f53b1d621db65d0f775eae69dab53c1 [1ms]
2023-10-26 09:53:42.362 [info] > git show --textconv :hrms/hr/doctype/attendance/attendance_dashboard.py [7ms]
2023-10-26 09:53:42.363 [info] > git ls-files --stage -- /home/erp/frappe-bench/apps/hrms/hrms/hr/doctype/attendance/attendance_dashboard.py [2ms]
2023-10-26 09:53:42.367 [info] > git cat-file -s abed78fbbbe5526f9eccb15cdf15fd2f52733c9f [1ms]
2023-10-26 09:53:46.606 [info] > git show --textconv :hrms/hr/doctype/attendance/attendance_list.js [4ms]
2023-10-26 09:53:46.607 [info] > git ls-files --stage -- /home/erp/frappe-bench/apps/hrms/hrms/hr/doctype/attendance/attendance_list.js [1ms]
2023-10-26 09:53:46.612 [info] > git cat-file -s 97132e8204654523e30a295eb3970bcb909f76c2 [2ms]
2023-10-26 09:53:48.520 [info] > git show --textconv :hrms/hr/doctype/attendance/attendance_dashboard.py [4ms]
2023-10-26 09:53:48.521 [info] > git ls-files --stage -- /home/erp/frappe-bench/apps/hrms/hrms/hr/doctype/attendance/attendance_dashboard.py [1ms]
2023-10-26 09:53:48.525 [info] > git cat-file -s abed78fbbbe5526f9eccb15cdf15fd2f52733c9f [1ms]
2023-10-26 09:53:53.179 [info] > git check-ignore -v -z --stdin [3ms]
2023-10-26 09:54:04.118 [info] > git show --textconv :hrms/hr/report/monthly_attendance_sheet/monthly_attendance_sheet.py [4ms]
2023-10-26 09:54:04.119 [info] > git ls-files --stage -- /home/erp/frappe-bench/apps/hrms/hrms/hr/report/monthly_attendance_sheet/monthly_attendance_sheet.py [1ms]
2023-10-26 09:54:04.123 [info] > git cat-file -s 374aba20bb5a6f81b1584573b9d291a5ac350d38 [2ms]
2023-10-26 09:58:43.011 [info] > git show --textconv :hrms/hr/report/monthly_attendance_sheet/monthly_attendance_sheet.js [4ms]
2023-10-26 09:58:43.012 [info] > git ls-files --stage -- /home/erp/frappe-bench/apps/hrms/hrms/hr/report/monthly_attendance_sheet/monthly_attendance_sheet.js [2ms]
2023-10-26 09:58:43.016 [info] > git cat-file -s f9d57b3cefa71bee997b96ec608d250c750a61f5 [2ms]
2023-10-26 09:58:46.066 [info] > git show --textconv :hrms/hr/report/monthly_attendance_sheet/monthly_attendance_sheet.json [5ms]
2023-10-26 09:58:46.066 [info] > git ls-files --stage -- /home/erp/frappe-bench/apps/hrms/hrms/hr/report/monthly_attendance_sheet/monthly_attendance_sheet.json [1ms]
2023-10-26 09:58:46.071 [info] > git cat-file -s 4daab813fe63c3777eb7912e8d95677e183c992b [1ms]
2023-10-26 09:58:47.391 [info] > git show --textconv :hrms/hr/report/monthly_attendance_sheet/monthly_attendance_sheet.py [3ms]
2023-10-26 09:58:47.392 [info] > git ls-files --stage -- /home/erp/frappe-bench/apps/hrms/hrms/hr/report/monthly_attendance_sheet/monthly_attendance_sheet.py [2ms]
2023-10-26 09:58:47.396 [info] > git cat-file -s 374aba20bb5a6f81b1584573b9d291a5ac350d38 [2ms]
2023-10-26 09:59:01.911 [info] > git show --textconv :hrms/hr/doctype/attendance/attendance_list.js [4ms]
2023-10-26 09:59:01.912 [info] > git ls-files --stage -- /home/erp/frappe-bench/apps/hrms/hrms/hr/doctype/attendance/attendance_list.js [1ms]
2023-10-26 09:59:01.917 [info] > git cat-file -s 97132e8204654523e30a295eb3970bcb909f76c2 [1ms]
2023-10-26 09:59:07.274 [info] > git show --textconv :hrms/hr/doctype/attendance/attendance.json [4ms]
2023-10-26 09:59:07.275 [info] > git ls-files --stage -- /home/erp/frappe-bench/apps/hrms/hrms/hr/doctype/attendance/attendance.json [1ms]
2023-10-26 09:59:07.279 [info] > git cat-file -s edc808f6937e49454a66d1b0bce8f3e8d6bb8aff [1ms]
2023-10-26 09:59:14.476 [info] > git show --textconv :hrms/hr/report/monthly_attendance_sheet/monthly_attendance_sheet.json [4ms]
2023-10-26 09:59:14.477 [info] > git ls-files --stage -- /home/erp/frappe-bench/apps/hrms/hrms/hr/report/monthly_attendance_sheet/monthly_attendance_sheet.json [1ms]
2023-10-26 09:59:14.481 [info] > git cat-file -s 4daab813fe63c3777eb7912e8d95677e183c992b [1ms]
2023-10-26 09:59:16.917 [info] > git show --textconv :hrms/hr/report/monthly_attendance_sheet/monthly_attendance_sheet.js [5ms]
2023-10-26 09:59:16.918 [info] > git ls-files --stage -- /home/erp/frappe-bench/apps/hrms/hrms/hr/report/monthly_attendance_sheet/monthly_attendance_sheet.js [2ms]
2023-10-26 09:59:16.921 [info] > git cat-file -s f9d57b3cefa71bee997b96ec608d250c750a61f5 [1ms]
2023-10-26 09:59:18.092 [info] > git show --textconv :hrms/hr/report/monthly_attendance_sheet/monthly_attendance_sheet.py [5ms]
2023-10-26 09:59:18.092 [info] > git ls-files --stage -- /home/erp/frappe-bench/apps/hrms/hrms/hr/report/monthly_attendance_sheet/monthly_attendance_sheet.py [1ms]
2023-10-26 09:59:18.097 [info] > git cat-file -s 374aba20bb5a6f81b1584573b9d291a5ac350d38 [1ms]
2023-10-26 10:00:24.843 [info] > git show --textconv :hrms/hr/doctype/attendance/attendance.json [4ms]
2023-10-26 10:00:24.844 [info] > git ls-files --stage -- /home/erp/frappe-bench/apps/hrms/hrms/hr/doctype/attendance/attendance.json [1ms]
2023-10-26 10:00:24.851 [info] > git cat-file -s edc808f6937e49454a66d1b0bce8f3e8d6bb8aff [1ms]
2023-10-26 10:00:26.226 [info] > git show --textconv :hrms/hr/doctype/attendance/attendance_list.js [4ms]
2023-10-26 10:00:26.227 [info] > git ls-files --stage -- /home/erp/frappe-bench/apps/hrms/hrms/hr/doctype/attendance/attendance_list.js [1ms]
2023-10-26 10:00:26.231 [info] > git cat-file -s 97132e8204654523e30a295eb3970bcb909f76c2 [1ms]
2023-10-26 10:00:27.919 [info] > git show --textconv :hrms/hr/report/monthly_attendance_sheet/monthly_attendance_sheet.json [4ms]
2023-10-26 10:00:27.920 [info] > git ls-files --stage -- /home/erp/frappe-bench/apps/hrms/hrms/hr/report/monthly_attendance_sheet/monthly_attendance_sheet.json [1ms]
2023-10-26 10:00:27.924 [info] > git cat-file -s 4daab813fe63c3777eb7912e8d95677e183c992b [1ms]
2023-10-26 10:00:29.154 [info] > git show --textconv :hrms/hr/report/monthly_attendance_sheet/monthly_attendance_sheet.js [3ms]
2023-10-26 10:00:29.155 [info] > git ls-files --stage -- /home/erp/frappe-bench/apps/hrms/hrms/hr/report/monthly_attendance_sheet/monthly_attendance_sheet.js [1ms]
2023-10-26 10:00:29.160 [info] > git cat-file -s f9d57b3cefa71bee997b96ec608d250c750a61f5 [1ms]
2023-10-26 10:00:45.761 [info] > git show --textconv :hrms/hr/doctype/attendance/attendance_list.js [4ms]
2023-10-26 10:00:45.762 [info] > git ls-files --stage -- /home/erp/frappe-bench/apps/hrms/hrms/hr/doctype/attendance/attendance_list.js [1ms]
2023-10-26 10:00:45.769 [info] > git cat-file -s 97132e8204654523e30a295eb3970bcb909f76c2 [1ms]
2023-10-26 10:00:47.785 [info] > git show --textconv :hrms/hr/doctype/attendance/attendance.json [3ms]
2023-10-26 10:00:47.785 [info] > git ls-files --stage -- /home/erp/frappe-bench/apps/hrms/hrms/hr/doctype/attendance/attendance.json [1ms]
2023-10-26 10:00:47.790 [info] > git cat-file -s edc808f6937e49454a66d1b0bce8f3e8d6bb8aff [2ms]
2023-10-26 10:00:49.665 [info] > git show --textconv :hrms/hr/report/monthly_attendance_sheet/monthly_attendance_sheet.json [4ms]
2023-10-26 10:00:49.666 [info] > git ls-files --stage -- /home/erp/frappe-bench/apps/hrms/hrms/hr/report/monthly_attendance_sheet/monthly_attendance_sheet.json [2ms]
2023-10-26 10:00:49.670 [info] > git cat-file -s 4daab813fe63c3777eb7912e8d95677e183c992b [1ms]
2023-10-26 10:00:51.101 [info] > git show --textconv :hrms/hr/report/monthly_attendance_sheet/monthly_attendance_sheet.js [4ms]
2023-10-26 10:00:51.102 [info] > git ls-files --stage -- /home/erp/frappe-bench/apps/hrms/hrms/hr/report/monthly_attendance_sheet/monthly_attendance_sheet.js [1ms]
2023-10-26 10:00:51.106 [info] > git cat-file -s f9d57b3cefa71bee997b96ec608d250c750a61f5 [1ms]
2023-10-26 10:01:05.138 [info] > git show --textconv :hrms/hr/report/monthly_attendance_sheet/monthly_attendance_sheet.py [5ms]
2023-10-26 10:01:05.138 [info] > git ls-files --stage -- /home/erp/frappe-bench/apps/hrms/hrms/hr/report/monthly_attendance_sheet/monthly_attendance_sheet.py [1ms]
2023-10-26 10:01:05.143 [info] > git cat-file -s 374aba20bb5a6f81b1584573b9d291a5ac350d38 [1ms]
2023-10-26 10:01:44.749 [info] > git config --get commit.template [4ms]
2023-10-26 10:01:44.750 [info] > git for-each-ref --format=%(refname)%00%(upstream:short)%00%(objectname)%00%(upstream:track)%00%(upstream:remotename)%00%(upstream:remoteref) refs/heads/version-14 refs/remotes/version-14 [1ms]
2023-10-26 10:01:44.772 [info] > git status -z -uall [19ms]
2023-10-26 10:01:54.403 [info] > git show --textconv :hrms/hr/report/monthly_attendance_sheet/monthly_attendance_sheet.js [4ms]
2023-10-26 10:01:54.404 [info] > git ls-files --stage -- /home/erp/frappe-bench/apps/hrms/hrms/hr/report/monthly_attendance_sheet/monthly_attendance_sheet.js [2ms]
2023-10-26 10:01:54.410 [info] > git cat-file -s f9d57b3cefa71bee997b96ec608d250c750a61f5 [1ms]
2023-10-26 10:02:28.234 [info] > git config --get commit.template [11ms]
2023-10-26 10:02:28.239 [info] > git for-each-ref --format=%(refname)%00%(upstream:short)%00%(objectname)%00%(upstream:track)%00%(upstream:remotename)%00%(upstream:remoteref) refs/heads/version-14 refs/remotes/version-14 [7ms]
2023-10-26 10:02:28.271 [info] > git status -z -uall [24ms]
2023-10-26 10:02:49.233 [info] > git show --textconv :hrms/hr/report/monthly_attendance_sheet/monthly_attendance_sheet.json [5ms]
2023-10-26 10:02:49.234 [info] > git ls-files --stage -- /home/erp/frappe-bench/apps/hrms/hrms/hr/report/monthly_attendance_sheet/monthly_attendance_sheet.json [1ms]
2023-10-26 10:02:49.238 [info] > git cat-file -s 4daab813fe63c3777eb7912e8d95677e183c992b [1ms]
2023-10-26 10:02:56.405 [info] > git show --textconv :hrms/hr/report/monthly_attendance_sheet/monthly_attendance_sheet.js [4ms]
2023-10-26 10:02:56.406 [info] > git ls-files --stage -- /home/erp/frappe-bench/apps/hrms/hrms/hr/report/monthly_attendance_sheet/monthly_attendance_sheet.js [2ms]
2023-10-26 10:02:56.410 [info] > git cat-file -s f9d57b3cefa71bee997b96ec608d250c750a61f5 [1ms]
2023-10-26 10:02:57.501 [info] > git show --textconv :hrms/hr/doctype/attendance/attendance_list.js [4ms]
2023-10-26 10:02:57.502 [info] > git ls-files --stage -- /home/erp/frappe-bench/apps/hrms/hrms/hr/doctype/attendance/attendance_list.js [2ms]
2023-10-26 10:02:57.506 [info] > git cat-file -s 97132e8204654523e30a295eb3970bcb909f76c2 [1ms]
2023-10-26 10:03:06.066 [info] > git show --textconv :hrms/hr/doctype/attendance/attendance.json [5ms]
2023-10-26 10:03:06.067 [info] > git ls-files --stage -- /home/erp/frappe-bench/apps/hrms/hrms/hr/doctype/attendance/attendance.json [1ms]
2023-10-26 10:03:06.072 [info] > git cat-file -s edc808f6937e49454a66d1b0bce8f3e8d6bb8aff [1ms]
2023-10-26 10:03:19.105 [info] > git show --textconv :hrms/hr/report/monthly_attendance_sheet/monthly_attendance_sheet.js [4ms]
2023-10-26 10:03:19.106 [info] > git ls-files --stage -- /home/erp/frappe-bench/apps/hrms/hrms/hr/report/monthly_attendance_sheet/monthly_attendance_sheet.js [1ms]
2023-10-26 10:03:19.113 [info] > git cat-file -s f9d57b3cefa71bee997b96ec608d250c750a61f5 [1ms]
2023-10-26 10:03:21.028 [info] > git show --textconv :hrms/hr/doctype/attendance/attendance_list.js [4ms]
2023-10-26 10:03:21.029 [info] > git ls-files --stage -- /home/erp/frappe-bench/apps/hrms/hrms/hr/doctype/attendance/attendance_list.js [2ms]
2023-10-26 10:03:21.034 [info] > git cat-file -s 97132e8204654523e30a295eb3970bcb909f76c2 [2ms]
2023-10-26 10:03:22.518 [info] > git show --textconv :hrms/hr/report/monthly_attendance_sheet/monthly_attendance_sheet.py [4ms]
2023-10-26 10:03:22.519 [info] > git ls-files --stage -- /home/erp/frappe-bench/apps/hrms/hrms/hr/report/monthly_attendance_sheet/monthly_attendance_sheet.py [2ms]
2023-10-26 10:03:22.524 [info] > git cat-file -s 374aba20bb5a6f81b1584573b9d291a5ac350d38 [2ms]
2023-10-26 10:03:28.326 [info] > git show --textconv :hrms/hr/report/monthly_attendance_sheet/monthly_attendance_sheet.js [4ms]
2023-10-26 10:03:28.327 [info] > git ls-files --stage -- /home/erp/frappe-bench/apps/hrms/hrms/hr/report/monthly_attendance_sheet/monthly_attendance_sheet.js [1ms]
2023-10-26 10:03:28.331 [info] > git cat-file -s f9d57b3cefa71bee997b96ec608d250c750a61f5 [1ms]
2023-10-26 10:03:34.343 [info] > git show --textconv :hrms/hr/doctype/attendance/attendance.json [5ms]
2023-10-26 10:03:34.344 [info] > git ls-files --stage -- /home/erp/frappe-bench/apps/hrms/hrms/hr/doctype/attendance/attendance.json [1ms]
2023-10-26 10:03:34.350 [info] > git cat-file -s edc808f6937e49454a66d1b0bce8f3e8d6bb8aff [2ms]
2023-10-26 10:03:36.226 [info] > git show --textconv :hrms/hr/doctype/attendance/attendance.py [4ms]
2023-10-26 10:03:36.227 [info] > git ls-files --stage -- /home/erp/frappe-bench/apps/hrms/hrms/hr/doctype/attendance/attendance.py [1ms]
2023-10-26 10:03:36.231 [info] > git cat-file -s 072b4a7d049b6c14f9c860e27e8424706eb4418f [1ms]
2023-10-26 10:03:47.617 [info] > git show --textconv :hrms/hr/doctype/attendance/attendance_list.js [4ms]
2023-10-26 10:03:47.618 [info] > git ls-files --stage -- /home/erp/frappe-bench/apps/hrms/hrms/hr/doctype/attendance/attendance_list.js [1ms]
2023-10-26 10:03:47.623 [info] > git cat-file -s 97132e8204654523e30a295eb3970bcb909f76c2 [2ms]
2023-10-26 10:03:55.159 [info] > git show --textconv :hrms/hr/doctype/attendance/attendance.json [4ms]
2023-10-26 10:03:55.160 [info] > git ls-files --stage -- /home/erp/frappe-bench/apps/hrms/hrms/hr/doctype/attendance/attendance.json [2ms]
2023-10-26 10:03:55.164 [info] > git cat-file -s edc808f6937e49454a66d1b0bce8f3e8d6bb8aff [2ms]
2023-10-26 10:03:58.119 [info] > git show --textconv :hrms/hr/report/monthly_attendance_sheet/monthly_attendance_sheet.py [5ms]
2023-10-26 10:03:58.120 [info] > git ls-files --stage -- /home/erp/frappe-bench/apps/hrms/hrms/hr/report/monthly_attendance_sheet/monthly_attendance_sheet.py [2ms]
2023-10-26 10:03:58.125 [info] > git cat-file -s 374aba20bb5a6f81b1584573b9d291a5ac350d38 [2ms]
2023-10-26 10:04:58.960 [info] > git config --get commit.template [4ms]
2023-10-26 10:04:58.961 [info] > git for-each-ref --format=%(refname)%00%(upstream:short)%00%(objectname)%00%(upstream:track)%00%(upstream:remotename)%00%(upstream:remoteref) refs/heads/version-14 refs/remotes/version-14 [2ms]
2023-10-26 10:04:58.984 [info] > git status -z -uall [19ms]
2023-10-26 10:05:25.262 [info] > git config --get commit.template [9ms]
2023-10-26 10:05:25.263 [info] > git for-each-ref --format=%(refname)%00%(upstream:short)%00%(objectname)%00%(upstream:track)%00%(upstream:remotename)%00%(upstream:remoteref) refs/heads/version-14 refs/remotes/version-14 [1ms]
2023-10-26 10:05:25.287 [info] > git status -z -uall [19ms]
2023-10-26 10:05:34.394 [info] > git config --get commit.template [6ms]
2023-10-26 10:05:34.394 [info] > git for-each-ref --format=%(refname)%00%(upstream:short)%00%(objectname)%00%(upstream:track)%00%(upstream:remotename)%00%(upstream:remoteref) refs/heads/version-14 refs/remotes/version-14 [1ms]
2023-10-26 10:05:34.417 [info] > git status -z -uall [19ms]
2023-10-26 10:05:45.425 [info] > git check-ignore -v -z --stdin [2ms]
2023-10-26 10:06:13.709 [info] > git rev-parse --show-toplevel [1ms]
2023-10-26 10:06:13.710 [info] fatal: not a git repository (or any of the parent directories): .git
2023-10-26 10:07:23.523 [info] > git check-ignore -v -z --stdin [3ms]
2023-10-26 10:07:23.525 [info] > git check-ignore -v -z --stdin [2ms]
2023-10-26 10:07:30.654 [info] > git check-ignore -v -z --stdin [1ms]
2023-10-26 10:07:43.358 [info] > git show --textconv :hrms/hr/doctype/attendance/attendance_list.js [4ms]
2023-10-26 10:07:43.359 [info] > git ls-files --stage -- /home/erp/frappe-bench/apps/hrms/hrms/hr/doctype/attendance/attendance_list.js [1ms]
2023-10-26 10:07:43.366 [info] > git cat-file -s 97132e8204654523e30a295eb3970bcb909f76c2 [1ms]
2023-10-26 10:07:44.767 [info] > git show --textconv :hrms/hr/report/monthly_attendance_sheet/monthly_attendance_sheet.js [3ms]
2023-10-26 10:07:44.768 [info] > git ls-files --stage -- /home/erp/frappe-bench/apps/hrms/hrms/hr/report/monthly_attendance_sheet/monthly_attendance_sheet.js [1ms]
2023-10-26 10:07:44.773 [info] > git cat-file -s f9d57b3cefa71bee997b96ec608d250c750a61f5 [1ms]
2023-10-26 10:07:52.728 [info] > git config --get commit.template [4ms]
2023-10-26 10:07:52.729 [info] > git for-each-ref --format=%(refname)%00%(upstream:short)%00%(objectname)%00%(upstream:track)%00%(upstream:remotename)%00%(upstream:remoteref) refs/heads/version-14 refs/remotes/version-14 [1ms]
2023-10-26 10:07:52.751 [info] > git status -z -uall [19ms]
2023-10-26 10:08:01.457 [info] > git config --get commit.template [7ms]
2023-10-26 10:08:01.459 [info] > git for-each-ref --format=%(refname)%00%(upstream:short)%00%(objectname)%00%(upstream:track)%00%(upstream:remotename)%00%(upstream:remoteref) refs/heads/version-14 refs/remotes/version-14 [2ms]
2023-10-26 10:08:01.489 [info] > git status -z -uall [24ms]
2023-10-26 10:08:07.549 [info] > git config --get commit.template [4ms]
2023-10-26 10:08:07.550 [info] > git for-each-ref --format=%(refname)%00%(upstream:short)%00%(objectname)%00%(upstream:track)%00%(upstream:remotename)%00%(upstream:remoteref) refs/heads/version-14 refs/remotes/version-14 [2ms]
2023-10-26 10:08:07.570 [info] > git status -z -uall [18ms]
2023-10-26 10:08:17.339 [info] > git show --textconv :hrms/hr/doctype/attendance/attendance.json [5ms]
2023-10-26 10:08:17.341 [info] > git ls-files --stage -- /home/erp/frappe-bench/apps/hrms/hrms/hr/doctype/attendance/attendance.json [1ms]
2023-10-26 10:08:17.346 [info] > git cat-file -s edc808f6937e49454a66d1b0bce8f3e8d6bb8aff [1ms]
2023-10-26 10:08:40.696 [info] > git show --textconv :hrms/hr/report/monthly_attendance_sheet/monthly_attendance_sheet.py [5ms]
2023-10-26 10:08:40.697 [info] > git ls-files --stage -- /home/erp/frappe-bench/apps/hrms/hrms/hr/report/monthly_attendance_sheet/monthly_attendance_sheet.py [1ms]
2023-10-26 10:08:40.703 [info] > git cat-file -s 374aba20bb5a6f81b1584573b9d291a5ac350d38 [2ms]
2023-10-26 10:08:58.215 [info] > git show --textconv :hrms/hr/report/monthly_attendance_sheet/monthly_attendance_sheet.js [3ms]
2023-10-26 10:08:58.216 [info] > git ls-files --stage -- /home/erp/frappe-bench/apps/hrms/hrms/hr/report/monthly_attendance_sheet/monthly_attendance_sheet.js [1ms]
2023-10-26 10:08:58.220 [info] > git cat-file -s f9d57b3cefa71bee997b96ec608d250c750a61f5 [1ms]
2023-10-26 10:13:47.041 [info] > git config --get commit.template [5ms]
2023-10-26 10:13:47.042 [info] > git for-each-ref --format=%(refname)%00%(upstream:short)%00%(objectname)%00%(upstream:track)%00%(upstream:remotename)%00%(upstream:remoteref) refs/heads/version-14 refs/remotes/version-14 [2ms]
2023-10-26 10:13:47.064 [info] > git status -z -uall [20ms]
2023-10-26 10:14:03.044 [info] > git show --textconv :hrms/hr/doctype/attendance/attendance.json [4ms]
2023-10-26 10:14:03.044 [info] > git ls-files --stage -- /home/erp/frappe-bench/apps/hrms/hrms/hr/doctype/attendance/attendance.json [1ms]
2023-10-26 10:14:03.049 [info] > git cat-file -s edc808f6937e49454a66d1b0bce8f3e8d6bb8aff [1ms]
2023-10-26 10:14:12.214 [info] > git config --get commit.template [4ms]
2023-10-26 10:14:12.215 [info] > git for-each-ref --format=%(refname)%00%(upstream:short)%00%(objectname)%00%(upstream:track)%00%(upstream:remotename)%00%(upstream:remoteref) refs/heads/version-14 refs/remotes/version-14 [2ms]
2023-10-26 10:14:12.237 [info] > git status -z -uall [19ms]
2023-10-26 10:14:14.124 [info] > git show --textconv :hrms/hr/report/monthly_attendance_sheet/monthly_attendance_sheet.py [6ms]
2023-10-26 10:14:14.125 [info] > git ls-files --stage -- /home/erp/frappe-bench/apps/hrms/hrms/hr/report/monthly_attendance_sheet/monthly_attendance_sheet.py [1ms]
2023-10-26 10:14:14.129 [info] > git cat-file -s 374aba20bb5a6f81b1584573b9d291a5ac350d38 [1ms]
2023-10-26 10:14:22.719 [info] > git config --get commit.template [5ms]
2023-10-26 10:14:22.720 [info] > git for-each-ref --format=%(refname)%00%(upstream:short)%00%(objectname)%00%(upstream:track)%00%(upstream:remotename)%00%(upstream:remoteref) refs/heads/version-14 refs/remotes/version-14 [2ms]
2023-10-26 10:14:22.741 [info] > git status -z -uall [18ms]
2023-10-26 10:14:24.416 [info] > git show --textconv :hrms/hr/doctype/attendance/attendance_list.js [6ms]
2023-10-26 10:14:24.418 [info] > git ls-files --stage -- /home/erp/frappe-bench/apps/hrms/hrms/hr/doctype/attendance/attendance_list.js [2ms]
2023-10-26 10:14:24.425 [info] > git cat-file -s 97132e8204654523e30a295eb3970bcb909f76c2 [1ms]
2023-10-26 10:14:34.678 [info] > git config --get commit.template [3ms]
2023-10-26 10:14:34.679 [info] > git for-each-ref --format=%(refname)%00%(upstream:short)%00%(objectname)%00%(upstream:track)%00%(upstream:remotename)%00%(upstream:remoteref) refs/heads/version-14 refs/remotes/version-14 [2ms]
2023-10-26 10:14:34.700 [info] > git status -z -uall [19ms]
2023-10-26 10:14:45.252 [info] > git config --get commit.template [3ms]
2023-10-26 10:14:45.253 [info] > git for-each-ref --format=%(refname)%00%(upstream:short)%00%(objectname)%00%(upstream:track)%00%(upstream:remotename)%00%(upstream:remoteref) refs/heads/version-14 refs/remotes/version-14 [1ms]
2023-10-26 10:14:45.274 [info] > git status -z -uall [18ms]
2023-10-26 10:15:10.045 [info] > git config --get commit.template [6ms]
2023-10-26 10:15:10.045 [info] > git for-each-ref --format=%(refname)%00%(upstream:short)%00%(objectname)%00%(upstream:track)%00%(upstream:remotename)%00%(upstream:remoteref) refs/heads/version-14 refs/remotes/version-14 [1ms]
2023-10-26 10:15:10.075 [info] > git status -z -uall [24ms]
2023-10-26 10:15:12.886 [info] > git show --textconv :hrms/hr/report/monthly_attendance_sheet/monthly_attendance_sheet.py [6ms]
2023-10-26 10:15:12.887 [info] > git ls-files --stage -- /home/erp/frappe-bench/apps/hrms/hrms/hr/report/monthly_attendance_sheet/monthly_attendance_sheet.py [1ms]
2023-10-26 10:15:12.891 [info] > git cat-file -s 374aba20bb5a6f81b1584573b9d291a5ac350d38 [1ms]
2023-10-26 10:15:14.058 [info] > git show --textconv :hrms/hr/doctype/attendance/attendance.json [4ms]
2023-10-26 10:15:14.059 [info] > git ls-files --stage -- /home/erp/frappe-bench/apps/hrms/hrms/hr/doctype/attendance/attendance.json [2ms]
2023-10-26 10:15:14.063 [info] > git cat-file -s edc808f6937e49454a66d1b0bce8f3e8d6bb8aff [1ms]
2023-10-26 10:15:15.496 [info] > git show --textconv :hrms/hr/report/monthly_attendance_sheet/monthly_attendance_sheet.py [5ms]
2023-10-26 10:15:15.497 [info] > git ls-files --stage -- /home/erp/frappe-bench/apps/hrms/hrms/hr/report/monthly_attendance_sheet/monthly_attendance_sheet.py [1ms]
2023-10-26 10:15:15.502 [info] > git cat-file -s 374aba20bb5a6f81b1584573b9d291a5ac350d38 [1ms]
2023-10-26 10:15:26.866 [info] > git show --textconv :hrms/hr/report/monthly_attendance_sheet/monthly_attendance_sheet.json [4ms]
2023-10-26 10:15:26.867 [info] > git ls-files --stage -- /home/erp/frappe-bench/apps/hrms/hrms/hr/report/monthly_attendance_sheet/monthly_attendance_sheet.json [2ms]
2023-10-26 10:15:26.871 [info] > git cat-file -s 4daab813fe63c3777eb7912e8d95677e183c992b [1ms]
2023-10-26 10:15:28.931 [info] > git show --textconv :hrms/hr/report/monthly_attendance_sheet/monthly_attendance_sheet.py [5ms]
2023-10-26 10:15:28.932 [info] > git ls-files --stage -- /home/erp/frappe-bench/apps/hrms/hrms/hr/report/monthly_attendance_sheet/monthly_attendance_sheet.py [2ms]
2023-10-26 10:15:28.937 [info] > git cat-file -s 374aba20bb5a6f81b1584573b9d291a5ac350d38 [1ms]
2023-10-26 10:15:37.838 [info] > git show --textconv :hrms/hr/report/monthly_attendance_sheet/monthly_attendance_sheet.js [3ms]
2023-10-26 10:15:37.840 [info] > git ls-files --stage -- /home/erp/frappe-bench/apps/hrms/hrms/hr/report/monthly_attendance_sheet/monthly_attendance_sheet.js [2ms]
2023-10-26 10:15:37.844 [info] > git cat-file -s f9d57b3cefa71bee997b96ec608d250c750a61f5 [1ms]
2023-10-27 09:37:44.403 [info] > git config --get commit.template [12ms]
2023-10-27 09:37:44.404 [info] > git config --get commit.template [2ms]
2023-10-27 09:37:44.427 [info] > git for-each-ref --format=%(refname)%00%(upstream:short)%00%(objectname)%00%(upstream:track)%00%(upstream:remotename)%00%(upstream:remoteref) refs/heads/version-14 refs/remotes/version-14 [12ms]
2023-10-27 09:37:44.437 [info] > git for-each-ref --format=%(refname)%00%(upstream:short)%00%(objectname)%00%(upstream:track)%00%(upstream:remotename)%00%(upstream:remoteref) refs/heads/version-14 refs/remotes/version-14 [11ms]
2023-10-27 09:37:44.480 [info] > git status -z -uall [44ms]
2023-10-27 09:37:44.490 [info] > git status -z -uall [41ms]
2023-10-30 07:38:00.666 [info] > git config --get commit.template [14ms]
2023-10-30 07:38:00.666 [info] > git for-each-ref --format=%(refname)%00%(upstream:short)%00%(objectname)%00%(upstream:track)%00%(upstream:remotename)%00%(upstream:remoteref) refs/heads/develop refs/remotes/develop [2ms]
2023-10-30 07:38:00.682 [info] > git status -z -uall [4ms]
