2023-10-12 07:47:59.432 [info] Log level: Info
2023-10-12 07:47:59.432 [info] Validating found git in: "git"
2023-10-12 07:47:59.432 [info] Using git "2.34.1" from "git"
2023-10-12 07:47:59.432 [info] > git rev-parse --show-toplevel [6ms]
2023-10-12 07:47:59.432 [info] fatal: not a git repository (or any of the parent directories): .git
2023-10-12 07:47:59.432 [info] > git rev-parse --show-toplevel [25ms]
2023-10-12 07:47:59.438 [info] > git rev-parse --git-dir --git-common-dir [1ms]
2023-10-12 07:47:59.446 [info] Open repository: /home/erp/frappe-bench/apps/education
2023-10-12 07:47:59.462 [info] > git rev-parse --show-toplevel [3ms]
2023-10-12 07:47:59.462 [info] fatal: not a git repository (or any of the parent directories): .git
2023-10-12 07:47:59.463 [info] > git config --get commit.template [8ms]
2023-10-12 07:47:59.475 [info] > git rev-parse --show-toplevel [5ms]
2023-10-12 07:47:59.475 [info] fatal: not a git repository (or any of the parent directories): .git
2023-10-12 07:47:59.481 [info] > git rev-parse --show-toplevel [3ms]
2023-10-12 07:47:59.481 [info] fatal: not a git repository (or any of the parent directories): .git
2023-10-12 07:47:59.481 [info] > git for-each-ref --format=%(refname)%00%(upstream:short)%00%(objectname)%00%(upstream:track)%00%(upstream:remotename)%00%(upstream:remoteref) refs/heads/develop refs/remotes/develop [7ms]
2023-10-12 07:47:59.492 [info] > git rev-parse --show-toplevel [1ms]
2023-10-12 07:47:59.492 [info] fatal: not a git repository (or any of the parent directories): .git
2023-10-12 07:47:59.496 [info] > git rev-parse --show-toplevel [1ms]
2023-10-12 07:47:59.496 [info] fatal: not a git repository (or any of the parent directories): .git
2023-10-12 07:47:59.502 [info] > git rev-parse --show-toplevel [1ms]
2023-10-12 07:47:59.502 [info] fatal: not a git repository (or any of the parent directories): .git
2023-10-12 07:47:59.505 [info] > git status -z -uall [19ms]
2023-10-12 07:47:59.522 [info] > git config --get commit.template [6ms]
2023-10-12 07:47:59.523 [info] > git for-each-ref --format=%(refname)%00%(upstream:short)%00%(objectname)%00%(upstream:track)%00%(upstream:remotename)%00%(upstream:remoteref) refs/heads/develop refs/remotes/develop [2ms]
2023-10-12 07:47:59.578 [info] > git status -z -uall [51ms]
2023-10-12 07:47:59.977 [info] > git check-ignore -v -z --stdin [3ms]
2023-10-12 07:48:00.492 [info] > git check-ignore -v -z --stdin [2ms]
2023-10-12 07:48:02.381 [info] > git check-ignore -v -z --stdin [2ms]
2023-10-12 07:48:06.940 [info] > git check-ignore -v -z --stdin [2ms]
2023-10-12 07:48:07.559 [info] > git check-ignore -v -z --stdin [1ms]
2023-10-12 07:48:12.577 [info] > git check-ignore -v -z --stdin [1ms]
2023-10-12 07:48:13.178 [info] > git check-ignore -v -z --stdin [1ms]
2023-10-12 07:50:06.229 [info] > git rev-parse --show-toplevel [2ms]
2023-10-12 07:50:06.235 [info] > git rev-parse --git-dir --git-common-dir [2ms]
2023-10-12 07:50:06.238 [info] Open repository: /home/erp/frappe-bench/apps/frappe
2023-10-12 07:50:06.244 [info] > git config --get commit.template [1ms]
2023-10-12 07:50:06.253 [info] > git for-each-ref --format=%(refname)%00%(upstream:short)%00%(objectname)%00%(upstream:track)%00%(upstream:remotename)%00%(upstream:remoteref) refs/heads/version-14 refs/remotes/version-14 [5ms]
2023-10-12 07:50:06.396 [info] > git status -z -uall [139ms]
2023-10-12 07:50:06.414 [info] > git config --get commit.template [5ms]
2023-10-12 07:50:06.415 [info] > git for-each-ref --format=%(refname)%00%(upstream:short)%00%(objectname)%00%(upstream:track)%00%(upstream:remotename)%00%(upstream:remoteref) refs/heads/version-14 refs/remotes/version-14 [2ms]
2023-10-12 07:50:06.492 [info] > git status -z -uall [70ms]
2023-10-12 07:50:06.620 [info] > git show --textconv :frappe/commands/__init__.py [9ms]
2023-10-12 07:50:06.622 [info] > git ls-files --stage -- /home/erp/frappe-bench/apps/frappe/frappe/commands/__init__.py [4ms]
2023-10-12 07:50:06.631 [info] > git cat-file -s f61b3b9d342e8f20204aa3ca237c2d97663b135d [3ms]
2023-10-12 07:50:06.883 [info] > git check-ignore -v -z --stdin [6ms]
2023-10-12 07:50:06.886 [info] > git check-ignore -v -z --stdin [3ms]
2023-10-12 07:50:44.019 [info] > git rev-parse --show-toplevel [2ms]
2023-10-12 07:50:44.027 [info] > git rev-parse --git-dir --git-common-dir [3ms]
2023-10-12 07:50:44.030 [info] Open repository: /home/erp/frappe-bench/apps/erpnext
2023-10-12 07:50:44.042 [info] > git config --get commit.template [7ms]
2023-10-12 07:50:44.049 [info] > git for-each-ref --format=%(refname)%00%(upstream:short)%00%(objectname)%00%(upstream:track)%00%(upstream:remotename)%00%(upstream:remoteref) refs/heads/version-14 refs/remotes/version-14 [8ms]
2023-10-12 07:50:44.088 [info] > git status -z -uall [33ms]
2023-10-12 07:50:44.103 [info] > git config --get commit.template [7ms]
2023-10-12 07:50:44.105 [info] > git for-each-ref --format=%(refname)%00%(upstream:short)%00%(objectname)%00%(upstream:track)%00%(upstream:remotename)%00%(upstream:remoteref) refs/heads/version-14 refs/remotes/version-14 [2ms]
2023-10-12 07:50:44.135 [info] > git status -z -uall [25ms]
2023-10-12 07:50:44.449 [info] > git show --textconv :erpnext/__init__.py [6ms]
2023-10-12 07:50:44.450 [info] > git ls-files --stage -- /home/erp/frappe-bench/apps/erpnext/erpnext/__init__.py [3ms]
2023-10-12 07:50:44.455 [info] > git cat-file -s 4734e8cc0b97d4c63c6b8cc3663273e2258460a5 [2ms]
2023-10-12 07:50:44.646 [info] > git check-ignore -v -z --stdin [6ms]
2023-10-12 07:50:44.648 [info] > git check-ignore -v -z --stdin [12ms]
2023-10-12 07:50:44.649 [info] > git check-ignore -v -z --stdin [4ms]
2023-10-12 07:51:01.392 [info] > git check-ignore -v -z --stdin [3ms]
2023-10-12 07:51:03.055 [info] > git check-ignore -v -z --stdin [5ms]
2023-10-12 07:51:03.056 [info] > git check-ignore -v -z --stdin [2ms]
2023-10-12 07:52:38.992 [info] > git check-ignore -v -z --stdin [2ms]
2023-10-12 07:52:53.577 [info] > git ls-files --stage -- /home/erp/frappe-bench/apps/erpnext/erpnext/patches.txt [2ms]
2023-10-12 07:52:53.581 [info] > git show --textconv :erpnext/patches.txt [11ms]
2023-10-12 07:52:53.582 [info] > git cat-file -s cde484eb0fa3da5b0f01cebc472ebd07e8f9d2c4 [2ms]
2023-10-12 07:52:54.027 [info] > git ls-files --stage -- /home/erp/frappe-bench/apps/erpnext/erpnext/modules.txt [2ms]
2023-10-12 07:52:54.031 [info] > git show --textconv :erpnext/modules.txt [11ms]
2023-10-12 07:52:54.032 [info] > git cat-file -s af962971d28f8b2389aa0c72c5f47453d24ab1a4 [2ms]
2023-10-12 07:52:59.493 [info] > git config --get commit.template [5ms]
2023-10-12 07:52:59.494 [info] > git for-each-ref --format=%(refname)%00%(upstream:short)%00%(objectname)%00%(upstream:track)%00%(upstream:remotename)%00%(upstream:remoteref) refs/heads/version-14 refs/remotes/version-14 [2ms]
2023-10-12 07:52:59.515 [info] > git status -z -uall [18ms]
2023-10-12 07:53:24.323 [info] > git rev-parse --show-toplevel [2ms]
2023-10-12 07:53:24.323 [info] fatal: not a git repository (or any of the parent directories): .git
2023-10-12 07:53:24.349 [info] > git rev-parse --show-toplevel [1ms]
2023-10-12 07:53:24.349 [info] fatal: not a git repository (or any of the parent directories): .git
2023-10-12 07:53:24.368 [info] > git rev-parse --show-toplevel [3ms]
2023-10-12 07:53:24.368 [info] fatal: not a git repository (or any of the parent directories): .git
2023-10-12 07:53:27.753 [info] > git show --textconv HEAD:education/education/doctype/student_applicant/student_applicant.json [8ms]
2023-10-12 07:53:27.753 [info] > git ls-tree -l HEAD -- /home/erp/frappe-bench/apps/education/education/education/doctype/student_applicant/student_applicant.json [3ms]
2023-10-12 07:53:28.259 [info] > git check-ignore -v -z --stdin [1ms]
2023-10-12 07:53:30.296 [info] > git show --textconv HEAD:education/education/doctype/student_applicant/student_applicant.js [7ms]
2023-10-12 07:53:30.297 [info] > git ls-tree -l HEAD -- /home/erp/frappe-bench/apps/education/education/education/doctype/student_applicant/student_applicant.js [2ms]
2023-10-12 07:53:32.910 [info] > git show --textconv HEAD:education/education/doctype/student_applicant/student_applicant.json [7ms]
2023-10-12 07:53:32.911 [info] > git ls-tree -l HEAD -- /home/erp/frappe-bench/apps/education/education/education/doctype/student_applicant/student_applicant.json [2ms]
2023-10-12 07:53:37.692 [info] > git show --textconv HEAD:education/education/doctype/student_applicant/student_applicant.js [6ms]
2023-10-12 07:53:37.693 [info] > git ls-tree -l HEAD -- /home/erp/frappe-bench/apps/education/education/education/doctype/student_applicant/student_applicant.js [1ms]
2023-10-12 07:53:55.094 [info] > git show --textconv HEAD:education/education/doctype/student_applicant/student_applicant.json [6ms]
2023-10-12 07:53:55.096 [info] > git ls-tree -l HEAD -- /home/erp/frappe-bench/apps/education/education/education/doctype/student_applicant/student_applicant.json [2ms]
2023-10-12 07:53:56.368 [info] > git show --textconv HEAD:education/education/doctype/student_applicant/student_applicant_list.js [7ms]
2023-10-12 07:53:56.370 [info] > git ls-tree -l HEAD -- /home/erp/frappe-bench/apps/education/education/education/doctype/student_applicant/student_applicant_list.js [2ms]
2023-10-12 07:53:58.523 [info] > git show --textconv HEAD:education/education/doctype/fees/fees.json [5ms]
2023-10-12 07:53:58.525 [info] > git ls-tree -l HEAD -- /home/erp/frappe-bench/apps/education/education/education/doctype/fees/fees.json [2ms]
2023-10-12 07:53:59.032 [info] > git check-ignore -v -z --stdin [1ms]
2023-10-12 07:54:09.480 [info] > git check-ignore -v -z --stdin [4ms]
2023-10-12 07:54:09.481 [info] > git check-ignore -v -z --stdin [2ms]
2023-10-12 07:54:14.745 [info] > git ls-tree -l HEAD -- /home/erp/frappe-bench/apps/education/education/education/doctype/student_applicant/student_applicant.js [3ms]
2023-10-12 07:54:15.308 [info] > git check-ignore -v -z --stdin [2ms]
2023-10-12 07:54:17.044 [info] > git show --textconv :erpnext/modules.txt [5ms]
2023-10-12 07:54:17.046 [info] > git ls-files --stage -- /home/erp/frappe-bench/apps/erpnext/erpnext/modules.txt [2ms]
2023-10-12 07:54:17.051 [info] > git cat-file -s af962971d28f8b2389aa0c72c5f47453d24ab1a4 [1ms]
2023-10-12 07:54:20.615 [info] > git show --textconv :education/education/doctype/fees/fees.json [4ms]
2023-10-12 07:54:20.615 [info] > git ls-files --stage -- /home/erp/frappe-bench/apps/education/education/education/doctype/fees/fees.json [1ms]
2023-10-12 07:54:20.623 [info] > git cat-file -s 48952f5d650a88684870c8632dc5baf151b3fbd8 [1ms]
2023-10-12 07:54:20.962 [info] > git check-ignore -v -z --stdin [2ms]
2023-10-12 07:54:35.029 [info] > git config --get commit.template [4ms]
2023-10-12 07:54:35.030 [info] > git for-each-ref --format=%(refname)%00%(upstream:short)%00%(objectname)%00%(upstream:track)%00%(upstream:remotename)%00%(upstream:remoteref) refs/heads/develop refs/remotes/develop [1ms]
2023-10-12 07:54:35.039 [info] > git status -z -uall [5ms]
2023-10-12 07:54:40.913 [info] > git check-ignore -v -z --stdin [2ms]
2023-10-12 07:54:42.793 [info] > git show --textconv :education/education/doctype/student_applicant/student_applicant_list.js [5ms]
2023-10-12 07:54:42.795 [info] > git ls-files --stage -- /home/erp/frappe-bench/apps/education/education/education/doctype/student_applicant/student_applicant_list.js [3ms]
2023-10-12 07:54:42.801 [info] > git cat-file -s c39d46ec63afd0d5130b999669acd8f8fa088ded [1ms]
2023-10-12 07:54:45.952 [info] > git show --textconv :education/education/doctype/student_applicant/student_applicant.js [5ms]
2023-10-12 07:54:45.953 [info] > git ls-files --stage -- /home/erp/frappe-bench/apps/education/education/education/doctype/student_applicant/student_applicant.js [1ms]
2023-10-12 07:54:45.958 [info] > git cat-file -s 507846b6821c5f9dd556c6922d0b828d7930acaf [2ms]
2023-10-12 07:54:48.440 [info] > git show --textconv :education/education/doctype/student_applicant/student_applicant.json [4ms]
2023-10-12 07:54:48.440 [info] > git ls-files --stage -- /home/erp/frappe-bench/apps/education/education/education/doctype/student_applicant/student_applicant.json [1ms]
2023-10-12 07:54:48.446 [info] > git cat-file -s 8a7a787aa09696167080bd9f820ff1f3359451b1 [2ms]
2023-10-12 07:56:14.648 [info] > git check-ignore -v -z --stdin [1ms]
2023-10-12 07:56:19.221 [info] > git check-ignore -v -z --stdin [2ms]
2023-10-12 07:56:49.688 [info] > git check-ignore -v -z --stdin [2ms]
2023-10-12 07:57:03.424 [info] > git check-ignore -v -z --stdin [2ms]
2023-10-12 07:57:10.322 [info] > git show --textconv :education/education/doctype/fees/fees.json [4ms]
2023-10-12 07:57:10.323 [info] > git ls-files --stage -- /home/erp/frappe-bench/apps/education/education/education/doctype/fees/fees.json [1ms]
2023-10-12 07:57:10.328 [info] > git cat-file -s 48952f5d650a88684870c8632dc5baf151b3fbd8 [1ms]
2023-10-12 07:57:38.432 [info] > git show --textconv :education/education/doctype/student_applicant/student_applicant_list.js [5ms]
2023-10-12 07:57:38.433 [info] > git ls-files --stage -- /home/erp/frappe-bench/apps/education/education/education/doctype/student_applicant/student_applicant_list.js [2ms]
2023-10-12 07:57:38.438 [info] > git cat-file -s c39d46ec63afd0d5130b999669acd8f8fa088ded [1ms]
2023-10-12 07:57:52.207 [info] > git show --textconv :education/education/doctype/student_applicant/student_applicant.js [3ms]
2023-10-12 07:57:52.208 [info] > git ls-files --stage -- /home/erp/frappe-bench/apps/education/education/education/doctype/student_applicant/student_applicant.js [1ms]
2023-10-12 07:57:52.213 [info] > git cat-file -s 507846b6821c5f9dd556c6922d0b828d7930acaf [2ms]
2023-10-12 07:57:52.754 [info] > git show --textconv :education/education/doctype/student_applicant/student_applicant_list.js [4ms]
2023-10-12 07:57:52.755 [info] > git ls-files --stage -- /home/erp/frappe-bench/apps/education/education/education/doctype/student_applicant/student_applicant_list.js [2ms]
2023-10-12 07:57:52.760 [info] > git cat-file -s c39d46ec63afd0d5130b999669acd8f8fa088ded [2ms]
2023-10-12 07:57:53.297 [info] > git show --textconv :education/education/doctype/student_applicant/student_applicant.js [4ms]
2023-10-12 07:57:53.298 [info] > git ls-files --stage -- /home/erp/frappe-bench/apps/education/education/education/doctype/student_applicant/student_applicant.js [1ms]
2023-10-12 07:57:53.303 [info] > git cat-file -s 507846b6821c5f9dd556c6922d0b828d7930acaf [2ms]
2023-10-12 07:58:04.053 [info] > git show --textconv :education/education/doctype/student_applicant/student_applicant.json [5ms]
2023-10-12 07:58:04.054 [info] > git ls-files --stage -- /home/erp/frappe-bench/apps/education/education/education/doctype/student_applicant/student_applicant.json [1ms]
2023-10-12 07:58:04.059 [info] > git cat-file -s 8a7a787aa09696167080bd9f820ff1f3359451b1 [1ms]
2023-10-12 08:00:10.208 [info] > git config --get commit.template [10ms]
2023-10-12 08:00:10.210 [info] > git for-each-ref --format=%(refname)%00%(upstream:short)%00%(objectname)%00%(upstream:track)%00%(upstream:remotename)%00%(upstream:remoteref) refs/heads/version-14 refs/remotes/version-14 [2ms]
2023-10-12 08:00:10.271 [info] > git status -z -uall [58ms]
2023-10-12 08:00:15.282 [info] > git config --get commit.template [4ms]
2023-10-12 08:00:15.289 [info] > git config --get commit.template [8ms]
2023-10-12 08:00:15.290 [info] > git for-each-ref --format=%(refname)%00%(upstream:short)%00%(objectname)%00%(upstream:track)%00%(upstream:remotename)%00%(upstream:remoteref) refs/heads/develop refs/remotes/develop [2ms]
2023-10-12 08:00:15.296 [info] > git status -z -uall [3ms]
2023-10-12 08:00:15.381 [info] > git ls-files --stage -- /home/erp/frappe-bench/apps/education/education/education/doctype/student_applicant/student_applicant.json [2ms]
2023-10-12 08:00:15.386 [info] > git cat-file -s 8a7a787aa09696167080bd9f820ff1f3359451b1 [2ms]
2023-10-12 08:00:15.392 [info] > git show --textconv :education/education/doctype/student_applicant/student_applicant.json [2ms]
2023-10-12 08:00:15.503 [info] > git for-each-ref --format=%(refname)%00%(upstream:short)%00%(objectname)%00%(upstream:track)%00%(upstream:remotename)%00%(upstream:remoteref) refs/heads/version-14 refs/remotes/version-14 [218ms]
2023-10-12 08:00:15.515 [info] > git status -z -uall [8ms]
2023-10-12 08:00:20.308 [info] > git config --get commit.template [4ms]
2023-10-12 08:00:20.309 [info] > git for-each-ref --format=%(refname)%00%(upstream:short)%00%(objectname)%00%(upstream:track)%00%(upstream:remotename)%00%(upstream:remoteref) refs/heads/develop refs/remotes/develop [1ms]
2023-10-12 08:00:20.316 [info] > git status -z -uall [3ms]
2023-10-12 08:01:08.007 [info] > git show --textconv :education/education/doctype/fees/fees.json [6ms]
2023-10-12 08:01:08.008 [info] > git ls-files --stage -- /home/erp/frappe-bench/apps/education/education/education/doctype/fees/fees.json [2ms]
2023-10-12 08:01:08.013 [info] > git cat-file -s 48952f5d650a88684870c8632dc5baf151b3fbd8 [1ms]
2023-10-12 08:01:11.733 [info] > git config --get commit.template [4ms]
2023-10-12 08:01:11.733 [info] > git for-each-ref --format=%(refname)%00%(upstream:short)%00%(objectname)%00%(upstream:track)%00%(upstream:remotename)%00%(upstream:remoteref) refs/heads/develop refs/remotes/develop [1ms]
2023-10-12 08:01:11.740 [info] > git status -z -uall [3ms]
2023-10-12 08:01:26.847 [info] > git show --textconv HEAD:education/education/doctype/fees/fees.json [4ms]
2023-10-12 08:01:26.848 [info] > git ls-tree -l HEAD -- /home/erp/frappe-bench/apps/education/education/education/doctype/fees/fees.json [1ms]
2023-10-12 08:01:32.852 [info] > git config --get commit.template [5ms]
2023-10-12 08:01:32.853 [info] > git for-each-ref --format=%(refname)%00%(upstream:short)%00%(objectname)%00%(upstream:track)%00%(upstream:remotename)%00%(upstream:remoteref) refs/heads/develop refs/remotes/develop [1ms]
2023-10-12 08:01:32.860 [info] > git status -z -uall [3ms]
2023-10-12 08:01:40.204 [info] > git check-ignore -v -z --stdin [2ms]
2023-10-12 08:01:42.139 [info] > git show --textconv :education/education/doctype/student_applicant/student_applicant_list.js [6ms]
2023-10-12 08:01:42.141 [info] > git ls-files --stage -- /home/erp/frappe-bench/apps/education/education/education/doctype/student_applicant/student_applicant_list.js [2ms]
2023-10-12 08:01:42.146 [info] > git cat-file -s c39d46ec63afd0d5130b999669acd8f8fa088ded [1ms]
2023-10-12 08:02:04.325 [info] > git show --textconv :education/education/doctype/student_applicant/student_applicant.json [4ms]
2023-10-12 08:02:04.326 [info] > git ls-files --stage -- /home/erp/frappe-bench/apps/education/education/education/doctype/student_applicant/student_applicant.json [1ms]
2023-10-12 08:02:04.330 [info] > git cat-file -s 8a7a787aa09696167080bd9f820ff1f3359451b1 [2ms]
2023-10-12 08:03:00.247 [info] > git ls-files --stage -- /home/erp/frappe-bench/apps/education/education/education/doctype/student_applicant/student_applicant.json [2ms]
2023-10-12 08:03:00.254 [info] > git cat-file -s 8a7a787aa09696167080bd9f820ff1f3359451b1 [2ms]
2023-10-12 08:03:05.639 [info] > git show --textconv :education/education/doctype/fees/fees.json [4ms]
2023-10-12 08:03:05.640 [info] > git ls-files --stage -- /home/erp/frappe-bench/apps/education/education/education/doctype/fees/fees.json [2ms]
2023-10-12 08:03:05.646 [info] > git cat-file -s 48952f5d650a88684870c8632dc5baf151b3fbd8 [1ms]
2023-10-12 08:03:14.907 [info] > git config --get commit.template [4ms]
2023-10-12 08:03:14.908 [info] > git for-each-ref --format=%(refname)%00%(upstream:short)%00%(objectname)%00%(upstream:track)%00%(upstream:remotename)%00%(upstream:remoteref) refs/heads/develop refs/remotes/develop [1ms]
2023-10-12 08:03:14.915 [info] > git status -z -uall [3ms]
2023-10-12 08:04:21.990 [info] > git check-ignore -v -z --stdin [4ms]
2023-10-12 08:04:30.021 [info] > git rev-parse --show-toplevel [3ms]
2023-10-12 08:04:30.021 [info] fatal: not a git repository (or any of the parent directories): .git
2023-10-12 16:33:09.698 [info] > git check-ignore -v -z --stdin [3ms]
2023-10-12 16:33:16.203 [info] > git check-ignore -v -z --stdin [1ms]
2023-10-12 16:33:16.758 [info] > git config --get commit.template [5ms]
2023-10-12 16:33:16.978 [info] > git for-each-ref --format=%(refname)%00%(upstream:short)%00%(objectname)%00%(upstream:track)%00%(upstream:remotename)%00%(upstream:remoteref) refs/heads/version-14 refs/remotes/version-14 [219ms]
2023-10-12 16:33:16.991 [info] > git status -z -uall [8ms]
2023-10-12 16:33:29.442 [info] > git show --textconv :model/naming.py [6ms]
2023-10-12 16:33:29.443 [info] > git ls-files --stage -- /home/erp/frappe-bench/apps/frappe/model/naming.py [1ms]
2023-10-12 16:33:29.697 [info] > git check-ignore -v -z --stdin [2ms]
2023-10-12 16:33:30.266 [info] > git config --get commit.template [10ms]
2023-10-12 16:33:30.589 [info] > git for-each-ref --format=%(refname)%00%(upstream:short)%00%(objectname)%00%(upstream:track)%00%(upstream:remotename)%00%(upstream:remoteref) refs/heads/version-14 refs/remotes/version-14 [324ms]
2023-10-12 16:33:30.616 [info] > git status -z -uall [16ms]
2023-10-12 16:33:36.368 [info] > git config --get commit.template [5ms]
2023-10-12 16:33:36.577 [info] > git for-each-ref --format=%(refname)%00%(upstream:short)%00%(objectname)%00%(upstream:track)%00%(upstream:remotename)%00%(upstream:remoteref) refs/heads/version-14 refs/remotes/version-14 [210ms]
2023-10-12 16:33:36.590 [info] > git status -z -uall [7ms]
2023-10-12 16:35:00.609 [info] > git check-ignore -v -z --stdin [2ms]
2023-10-12 16:35:01.922 [info] > git check-ignore -v -z --stdin [2ms]
2023-10-12 16:35:02.539 [info] > git check-ignore -v -z --stdin [1ms]
2023-10-12 16:35:03.196 [info] > git check-ignore -v -z --stdin [4ms]
2023-10-12 16:35:25.040 [info] > git show --textconv :frappe/api.py [8ms]
2023-10-12 16:35:25.041 [info] > git ls-files --stage -- /home/erp/frappe-bench/apps/frappe/frappe/api.py [2ms]
2023-10-12 16:35:25.051 [info] > git cat-file -s daf5f1b526d5a3c150e836e0d65f0e6a200f5a11 [1ms]
2023-10-12 16:35:27.366 [info] > git check-ignore -v -z --stdin [1ms]
2023-10-12 16:35:28.107 [info] > git check-ignore -v -z --stdin [2ms]
2023-10-12 16:35:28.567 [info] > git show --textconv :frappe/permissions.py [8ms]
2023-10-12 16:35:28.568 [info] > git ls-files --stage -- /home/erp/frappe-bench/apps/frappe/frappe/permissions.py [2ms]
2023-10-12 16:35:28.577 [info] > git cat-file -s 601a273315dbdf0e74f539eaec4f16da21b487bb [2ms]
2023-10-12 16:35:59.443 [info] > git check-ignore -v -z --stdin [7ms]
2023-10-12 16:36:02.358 [info] > git show --textconv :model/naming.py [6ms]
2023-10-12 16:36:02.360 [info] > git ls-files --stage -- /home/erp/frappe-bench/apps/frappe/model/naming.py [2ms]
2023-10-12 16:36:08.035 [info] > git show --textconv :frappe/permissions.py [6ms]
2023-10-12 16:36:08.036 [info] > git ls-files --stage -- /home/erp/frappe-bench/apps/frappe/frappe/permissions.py [2ms]
2023-10-12 16:36:08.042 [info] > git cat-file -s 601a273315dbdf0e74f539eaec4f16da21b487bb [1ms]
2023-10-12 16:39:54.292 [info] > git check-ignore -v -z --stdin [2ms]
2023-10-12 16:39:55.003 [info] > git check-ignore -v -z --stdin [1ms]
2023-10-12 16:39:56.133 [info] > git check-ignore -v -z --stdin [2ms]
2023-10-12 16:39:56.985 [info] > git check-ignore -v -z --stdin [2ms]
2023-10-12 16:39:57.860 [info] > git check-ignore -v -z --stdin [2ms]
2023-10-12 16:40:06.940 [info] > git check-ignore -v -z --stdin [2ms]
2023-10-12 16:40:07.536 [info] > git check-ignore -v -z --stdin [2ms]
2023-10-12 16:40:17.604 [info] > git show --textconv :frappe/utils/nestedset.py [7ms]
2023-10-12 16:40:17.605 [info] > git ls-files --stage -- /home/erp/frappe-bench/apps/frappe/frappe/utils/nestedset.py [1ms]
2023-10-12 16:40:17.613 [info] > git cat-file -s 808771c23c7834f81fd9074194eeca2d9f30cdcc [1ms]
2023-10-12 16:41:59.361 [info] > git config --get commit.template [13ms]
2023-10-12 16:41:59.361 [info] > git config --get commit.template [29ms]
2023-10-12 16:41:59.362 [info] > git config --get commit.template [2ms]
2023-10-12 16:41:59.386 [info] > git for-each-ref --format=%(refname)%00%(upstream:short)%00%(objectname)%00%(upstream:track)%00%(upstream:remotename)%00%(upstream:remoteref) refs/heads/develop refs/remotes/develop [17ms]
2023-10-12 16:41:59.396 [info] > git for-each-ref --format=%(refname)%00%(upstream:short)%00%(objectname)%00%(upstream:track)%00%(upstream:remotename)%00%(upstream:remoteref) refs/heads/version-14 refs/remotes/version-14 [11ms]
2023-10-12 16:41:59.405 [info] > git status -z -uall [10ms]
2023-10-12 16:41:59.427 [info] > git status -z -uall [23ms]
2023-10-12 16:41:59.628 [info] > git for-each-ref --format=%(refname)%00%(upstream:short)%00%(objectname)%00%(upstream:track)%00%(upstream:remotename)%00%(upstream:remoteref) refs/heads/version-14 refs/remotes/version-14 [252ms]
2023-10-12 16:41:59.643 [info] > git status -z -uall [8ms]
2023-10-12 16:42:30.974 [info] > git config --get commit.template [6ms]
2023-10-12 16:42:31.178 [info] > git for-each-ref --format=%(refname)%00%(upstream:short)%00%(objectname)%00%(upstream:track)%00%(upstream:remotename)%00%(upstream:remoteref) refs/heads/version-14 refs/remotes/version-14 [205ms]
2023-10-12 16:42:31.191 [info] > git status -z -uall [8ms]
2023-10-12 16:42:36.864 [info] > git config --get commit.template [7ms]
2023-10-12 16:42:37.099 [info] > git for-each-ref --format=%(refname)%00%(upstream:short)%00%(objectname)%00%(upstream:track)%00%(upstream:remotename)%00%(upstream:remoteref) refs/heads/version-14 refs/remotes/version-14 [235ms]
2023-10-12 16:42:37.115 [info] > git status -z -uall [8ms]
2023-10-12 16:49:14.558 [info] > git show --textconv HEAD:frappe/utils/nestedset.py [7ms]
2023-10-12 16:49:14.559 [info] > git ls-tree -l HEAD -- /home/erp/frappe-bench/apps/frappe/frappe/utils/nestedset.py [2ms]
2023-10-12 16:49:22.542 [info] > git config --get commit.template [6ms]
2023-10-12 16:49:22.761 [info] > git for-each-ref --format=%(refname)%00%(upstream:short)%00%(objectname)%00%(upstream:track)%00%(upstream:remotename)%00%(upstream:remoteref) refs/heads/version-14 refs/remotes/version-14 [219ms]
2023-10-12 16:49:22.776 [info] > git status -z -uall [8ms]
2023-10-12 16:49:31.423 [info] > git config --get commit.template [7ms]
2023-10-12 16:49:31.645 [info] > git for-each-ref --format=%(refname)%00%(upstream:short)%00%(objectname)%00%(upstream:track)%00%(upstream:remotename)%00%(upstream:remoteref) refs/heads/version-14 refs/remotes/version-14 [222ms]
2023-10-12 16:49:31.661 [info] > git status -z -uall [9ms]
2023-10-12 16:49:59.033 [info] > git check-ignore -v -z --stdin [3ms]
2023-10-12 16:50:01.880 [info] > git check-ignore -v -z --stdin [3ms]
2023-10-12 16:50:07.097 [info] > git check-ignore -v -z --stdin [5ms]
2023-10-12 16:50:08.287 [info] > git check-ignore -v -z --stdin [3ms]
2023-10-12 16:50:10.665 [info] > git check-ignore -v -z --stdin [3ms]
2023-10-12 16:50:11.732 [info] > git show --textconv :erpnext/setup/doctype/employee/test_employee.py [11ms]
2023-10-12 16:50:11.733 [info] > git ls-files --stage -- /home/erp/frappe-bench/apps/erpnext/erpnext/setup/doctype/employee/test_employee.py [2ms]
2023-10-12 16:50:11.743 [info] > git cat-file -s 071c336326f5ed4e6c3fb1b77c2d63bed8f0e56d [2ms]
2023-10-12 16:50:28.813 [info] > git show --textconv :erpnext/setup/doctype/employee/employee.py [6ms]
2023-10-12 16:50:28.815 [info] > git ls-files --stage -- /home/erp/frappe-bench/apps/erpnext/erpnext/setup/doctype/employee/employee.py [2ms]
2023-10-12 16:50:28.822 [info] > git cat-file -s 78f2e4935e775c011053bdacba5994a52322c1e3 [1ms]
2023-10-12 16:50:56.129 [info] > git show --textconv :erpnext/setup/doctype/employee/employee.js [7ms]
2023-10-12 16:50:56.131 [info] > git ls-files --stage -- /home/erp/frappe-bench/apps/erpnext/erpnext/setup/doctype/employee/employee.js [2ms]
2023-10-12 16:50:56.139 [info] > git cat-file -s 39a215f3831c2cb572fa03546f63d2e8792db317 [1ms]
2023-10-12 16:51:17.135 [info] > git show --textconv :erpnext/setup/doctype/employee/employee.py [7ms]
2023-10-12 16:51:17.137 [info] > git ls-files --stage -- /home/erp/frappe-bench/apps/erpnext/erpnext/setup/doctype/employee/employee.py [2ms]
2023-10-12 16:51:17.144 [info] > git cat-file -s 78f2e4935e775c011053bdacba5994a52322c1e3 [1ms]
2023-10-12 16:52:33.392 [info] > git config --get commit.template [8ms]
2023-10-12 16:52:33.623 [info] > git for-each-ref --format=%(refname)%00%(upstream:short)%00%(objectname)%00%(upstream:track)%00%(upstream:remotename)%00%(upstream:remoteref) refs/heads/version-14 refs/remotes/version-14 [232ms]
2023-10-12 16:52:33.637 [info] > git status -z -uall [8ms]
2023-10-12 17:35:12.623 [info] > git show --textconv :frappe/__init__.py [7ms]
2023-10-12 17:35:12.625 [info] > git ls-files --stage -- /home/erp/frappe-bench/apps/frappe/frappe/__init__.py [2ms]
2023-10-12 17:35:12.633 [info] > git cat-file -s 67c50de29b07e722a8d9f541d9843bdbce8857d7 [1ms]
2023-10-12 17:35:38.715 [info] > git show --textconv :model/naming.py [5ms]
2023-10-12 17:35:38.716 [info] > git ls-files --stage -- /home/erp/frappe-bench/apps/frappe/model/naming.py [2ms]
2023-10-12 17:35:55.512 [info] > git show --textconv :frappe/commands/__init__.py [7ms]
2023-10-12 17:35:55.513 [info] > git ls-files --stage -- /home/erp/frappe-bench/apps/frappe/frappe/commands/__init__.py [2ms]
2023-10-12 17:35:55.519 [info] > git cat-file -s f61b3b9d342e8f20204aa3ca237c2d97663b135d [2ms]
2023-10-12 17:35:56.361 [info] > git show --textconv :model/naming.py [6ms]
2023-10-12 17:35:56.362 [info] > git ls-files --stage -- /home/erp/frappe-bench/apps/frappe/model/naming.py [2ms]
2023-10-12 17:35:57.462 [info] > git show --textconv :erpnext/__init__.py [8ms]
2023-10-12 17:35:57.464 [info] > git ls-files --stage -- /home/erp/frappe-bench/apps/erpnext/erpnext/__init__.py [2ms]
2023-10-12 17:35:57.470 [info] > git cat-file -s 4734e8cc0b97d4c63c6b8cc3663273e2258460a5 [1ms]
2023-10-12 17:35:58.238 [info] > git show --textconv :model/naming.py [6ms]
2023-10-12 17:35:58.239 [info] > git ls-files --stage -- /home/erp/frappe-bench/apps/frappe/model/naming.py [2ms]
2023-10-12 17:35:58.955 [info] > git show --textconv :education/education/doctype/student_applicant/student_applicant_list.js [8ms]
2023-10-12 17:35:58.956 [info] > git ls-files --stage -- /home/erp/frappe-bench/apps/education/education/education/doctype/student_applicant/student_applicant_list.js [1ms]
2023-10-12 17:35:58.962 [info] > git cat-file -s c39d46ec63afd0d5130b999669acd8f8fa088ded [2ms]
2023-10-12 17:36:11.879 [info] > git show --textconv :frappe/utils/nestedset.py [7ms]
2023-10-12 17:36:11.880 [info] > git ls-files --stage -- /home/erp/frappe-bench/apps/frappe/frappe/utils/nestedset.py [2ms]
2023-10-12 17:36:11.886 [info] > git cat-file -s 808771c23c7834f81fd9074194eeca2d9f30cdcc [1ms]
2023-10-12 17:36:13.659 [info] > git show --textconv :education/education/doctype/student_applicant/student_applicant_list.js [9ms]
2023-10-12 17:36:13.661 [info] > git ls-files --stage -- /home/erp/frappe-bench/apps/education/education/education/doctype/student_applicant/student_applicant_list.js [3ms]
2023-10-12 17:36:13.667 [info] > git cat-file -s c39d46ec63afd0d5130b999669acd8f8fa088ded [1ms]
2023-10-12 17:36:20.035 [info] > git show --textconv :model/naming.py [7ms]
2023-10-12 17:36:20.037 [info] > git ls-files --stage -- /home/erp/frappe-bench/apps/frappe/model/naming.py [1ms]
2023-10-12 17:36:20.873 [info] > git config --get commit.template [7ms]
2023-10-12 17:36:20.874 [info] > git for-each-ref --format=%(refname)%00%(upstream:short)%00%(objectname)%00%(upstream:track)%00%(upstream:remotename)%00%(upstream:remoteref) refs/heads/develop refs/remotes/develop [1ms]
2023-10-12 17:36:20.883 [info] > git status -z -uall [3ms]
2023-10-12 17:36:21.839 [info] > git rev-parse --show-toplevel [2ms]
2023-10-12 17:36:21.839 [info] fatal: not a git repository (or any of the parent directories): .git
2023-10-12 17:36:23.072 [info] > git show --textconv :model/naming.py [6ms]
2023-10-12 17:36:23.073 [info] > git ls-files --stage -- /home/erp/frappe-bench/apps/frappe/model/naming.py [2ms]
2023-10-12 17:36:23.786 [info] > git show --textconv :education/education/doctype/fees/fees.json [7ms]
2023-10-12 17:36:23.787 [info] > git ls-files --stage -- /home/erp/frappe-bench/apps/education/education/education/doctype/fees/fees.json [2ms]
2023-10-12 17:36:23.794 [info] > git cat-file -s 48952f5d650a88684870c8632dc5baf151b3fbd8 [2ms]
2023-10-12 17:36:24.818 [info] > git show --textconv :model/naming.py [8ms]
2023-10-12 17:36:24.819 [info] > git ls-files --stage -- /home/erp/frappe-bench/apps/frappe/model/naming.py [2ms]
2023-10-12 17:36:26.178 [info] > git show --textconv :education/education/doctype/student_applicant/student_applicant.js [10ms]
2023-10-12 17:36:26.179 [info] > git ls-files --stage -- /home/erp/frappe-bench/apps/education/education/education/doctype/student_applicant/student_applicant.js [2ms]
2023-10-12 17:36:26.185 [info] > git cat-file -s 507846b6821c5f9dd556c6922d0b828d7930acaf [1ms]
2023-10-12 17:36:28.400 [info] > git show --textconv :model/naming.py [5ms]
2023-10-12 17:36:28.401 [info] > git ls-files --stage -- /home/erp/frappe-bench/apps/frappe/model/naming.py [1ms]
2023-10-12 17:36:29.243 [info] > git config --get commit.template [8ms]
2023-10-12 17:36:29.244 [info] > git for-each-ref --format=%(refname)%00%(upstream:short)%00%(objectname)%00%(upstream:track)%00%(upstream:remotename)%00%(upstream:remoteref) refs/heads/develop refs/remotes/develop [1ms]
2023-10-12 17:36:29.251 [info] > git status -z -uall [3ms]
2023-10-12 17:36:31.498 [info] > git show --textconv :erpnext/setup/doctype/employee/employee.py [4ms]
2023-10-12 17:36:31.500 [info] > git ls-files --stage -- /home/erp/frappe-bench/apps/erpnext/erpnext/setup/doctype/employee/employee.py [2ms]
2023-10-12 17:36:31.504 [info] > git cat-file -s 78f2e4935e775c011053bdacba5994a52322c1e3 [1ms]
2023-10-12 17:36:41.421 [info] > git show --textconv :model/naming.py [8ms]
2023-10-12 17:36:41.423 [info] > git ls-files --stage -- /home/erp/frappe-bench/apps/frappe/model/naming.py [2ms]
2023-10-12 17:37:32.830 [info] > git check-ignore -v -z --stdin [8ms]
2023-10-12 17:37:32.830 [info] > git check-ignore -v -z --stdin [5ms]
2023-10-12 17:37:32.831 [info] > git check-ignore -v -z --stdin [2ms]
